[2015-08-27 15:32:31] local.ERROR: exception 'ErrorException' with message 'file_put_contents(/home/pi/code/mushroom/storage/framework/views/5f99a40d2daa29ddf034d103794613aa): failed to open stream: Permission denied' in /home/pi/code/mushroom/vendor/laravel/framework/src/Illuminate/Filesystem/Filesystem.php:74
Stack trace:
#0 [internal function]: Illuminate\Foundation\Bootstrap\HandleExceptions->handleError(2, 'file_put_conten...', '/home/pi/code/m...', 74, Array)
#1 /home/pi/code/mushroom/vendor/laravel/framework/src/Illuminate/Filesystem/Filesystem.php(74): file_put_contents('/home/pi/code/m...', '<!DOCTYPE html>...', 0)
#2 /home/pi/code/mushroom/vendor/laravel/framework/src/Illuminate/View/Compilers/BladeCompiler.php(94): Illuminate\Filesystem\Filesystem->put('/home/pi/code/m...', '<!DOCTYPE html>...')
#3 /home/pi/code/mushroom/vendor/laravel/framework/src/Illuminate/View/Engines/CompilerEngine.php(49): Illuminate\View\Compilers\BladeCompiler->compile('/home/pi/code/m...')
#4 /home/pi/code/mushroom/vendor/laravel/framework/src/Illuminate/View/View.php(136): Illuminate\View\Engines\CompilerEngine->get('/home/pi/code/m...', Array)
#5 /home/pi/code/mushroom/vendor/laravel/framework/src/Illuminate/View/View.php(104): Illuminate\View\View->getContents()
#6 /home/pi/code/mushroom/vendor/laravel/framework/src/Illuminate/View/View.php(78): Illuminate\View\View->renderContents()
#7 /home/pi/code/mushroom/storage/framework/views/cf20019943bb1939aa3490225f097b34(146): Illuminate\View\View->render()
#8 /home/pi/code/mushroom/vendor/laravel/framework/src/Illuminate/View/Engines/PhpEngine.php(39): include('/home/pi/code/m...')
#9 /home/pi/code/mushroom/vendor/laravel/framework/src/Illuminate/View/Engines/CompilerEngine.php(57): Illuminate\View\Engines\PhpEngine->evaluatePath('/home/pi/code/m...', Array)
#10 /home/pi/code/mushroom/vendor/laravel/framework/src/Illuminate/View/View.php(136): Illuminate\View\Engines\CompilerEngine->get('/home/pi/code/m...', Array)
#11 /home/pi/code/mushroom/vendor/laravel/framework/src/Illuminate/View/View.php(104): Illuminate\View\View->getContents()
#12 /home/pi/code/mushroom/vendor/laravel/framework/src/Illuminate/View/View.php(78): Illuminate\View\View->renderContents()
#13 /home/pi/code/mushroom/vendor/laravel/framework/src/Illuminate/Http/Response.php(44): Illuminate\View\View->render()
#14 /home/pi/code/mushroom/vendor/symfony/http-foundation/Symfony/Component/HttpFoundation/Response.php(202): Illuminate\Http\Response->setContent(Object(Illuminate\View\View))
#15 /home/pi/code/mushroom/vendor/laravel/framework/src/Illuminate/Routing/Router.php(1188): Symfony\Component\HttpFoundation\Response->__construct(Object(Illuminate\View\View))
#16 /home/pi/code/mushroom/vendor/laravel/framework/src/Illuminate/Routing/Router.php(692): Illuminate\Routing\Router->prepareResponse(Object(Illuminate\Http\Request), Object(Illuminate\View\View))
#17 [internal function]: Illuminate\Routing\Router->Illuminate\Routing\{closure}(Object(Illuminate\Http\Request))
#18 /home/pi/code/mushroom/vendor/laravel/framework/src/Illuminate/Pipeline/Pipeline.php(141): call_user_func(Object(Closure), Object(Illuminate\Http\Request))
#19 [internal function]: Illuminate\Pipeline\Pipeline->Illuminate\Pipeline\{closure}(Object(Illuminate\Http\Request))
#20 /home/pi/code/mushroom/vendor/laravel/framework/src/Illuminate/Pipeline/Pipeline.php(101): call_user_func(Object(Closure), Object(Illuminate\Http\Request))
#21 /home/pi/code/mushroom/vendor/laravel/framework/src/Illuminate/Routing/Router.php(693): Illuminate\Pipeline\Pipeline->then(Object(Closure))
#22 /home/pi/code/mushroom/vendor/laravel/framework/src/Illuminate/Routing/Router.php(660): Illuminate\Routing\Router->runRouteWithinStack(Object(Illuminate\Routing\Route), Object(Illuminate\Http\Request))
#23 /home/pi/code/mushroom/vendor/laravel/framework/src/Illuminate/Routing/Router.php(618): Illuminate\Routing\Router->dispatchToRoute(Object(Illuminate\Http\Request))
#24 /home/pi/code/mushroom/vendor/laravel/framework/src/Illuminate/Foundation/Http/Kernel.php(210): Illuminate\Routing\Router->dispatch(Object(Illuminate\Http\Request))
#25 [internal function]: Illuminate\Foundation\Http\Kernel->Illuminate\Foundation\Http\{closure}(Object(Illuminate\Http\Request))
#26 /home/pi/code/mushroom/vendor/laravel/framework/src/Illuminate/Pipeline/Pipeline.php(141): call_user_func(Object(Closure), Object(Illuminate\Http\Request))
#27 /home/pi/code/mushroom/vendor/laravel/framework/src/Illuminate/View/Middleware/ShareErrorsFromSession.php(55): Illuminate\Pipeline\Pipeline->Illuminate\Pipeline\{closure}(Object(Illuminate\Http\Request))
#28 /home/pi/code/mushroom/vendor/laravel/framework/src/Illuminate/Pipeline/Pipeline.php(125): Illuminate\View\Middleware\ShareErrorsFromSession->handle(Object(Illuminate\Http\Request), Object(Closure))
#29 /home/pi/code/mushroom/vendor/laravel/framework/src/Illuminate/Session/Middleware/StartSession.php(61): Illuminate\Pipeline\Pipeline->Illuminate\Pipeline\{closure}(Object(Illuminate\Http\Request))
#30 /home/pi/code/mushroom/vendor/laravel/framework/src/Illuminate/Pipeline/Pipeline.php(125): Illuminate\Session\Middleware\StartSession->handle(Object(Illuminate\Http\Request), Object(Closure))
#31 /home/pi/code/mushroom/vendor/laravel/framework/src/Illuminate/Cookie/Middleware/AddQueuedCookiesToResponse.php(36): Illuminate\Pipeline\Pipeline->Illuminate\Pipeline\{closure}(Object(Illuminate\Http\Request))
#32 /home/pi/code/mushroom/vendor/laravel/framework/src/Illuminate/Pipeline/Pipeline.php(125): Illuminate\Cookie\Middleware\AddQueuedCookiesToResponse->handle(Object(Illuminate\Http\Request), Object(Closure))
#33 /home/pi/code/mushroom/vendor/laravel/framework/src/Illuminate/Cookie/Middleware/EncryptCookies.php(40): Illuminate\Pipeline\Pipeline->Illuminate\Pipeline\{closure}(Object(Illuminate\Http\Request))
#34 /home/pi/code/mushroom/vendor/laravel/framework/src/Illuminate/Pipeline/Pipeline.php(125): Illuminate\Cookie\Middleware\EncryptCookies->handle(Object(Illuminate\Http\Request), Object(Closure))
#35 /home/pi/code/mushroom/vendor/laravel/framework/src/Illuminate/Foundation/Http/Middleware/CheckForMaintenanceMode.php(42): Illuminate\Pipeline\Pipeline->Illuminate\Pipeline\{closure}(Object(Illuminate\Http\Request))
#36 /home/pi/code/mushroom/vendor/laravel/framework/src/Illuminate/Pipeline/Pipeline.php(125): Illuminate\Foundation\Http\Middleware\CheckForMaintenanceMode->handle(Object(Illuminate\Http\Request), Object(Closure))
#37 [internal function]: Illuminate\Pipeline\Pipeline->Illuminate\Pipeline\{closure}(Object(Illuminate\Http\Request))
#38 /home/pi/code/mushroom/vendor/laravel/framework/src/Illuminate/Pipeline/Pipeline.php(101): call_user_func(Object(Closure), Object(Illuminate\Http\Request))
#39 /home/pi/code/mushroom/vendor/laravel/framework/src/Illuminate/Foundation/Http/Kernel.php(111): Illuminate\Pipeline\Pipeline->then(Object(Closure))
#40 /home/pi/code/mushroom/vendor/laravel/framework/src/Illuminate/Foundation/Http/Kernel.php(84): Illuminate\Foundation\Http\Kernel->sendRequestThroughRouter(Object(Illuminate\Http\Request))
#41 /home/pi/code/mushroom/public/index.php(54): Illuminate\Foundation\Http\Kernel->handle(Object(Illuminate\Http\Request))
#42 {main}

Next exception 'ErrorException' with message 'file_put_contents(/home/pi/code/mushroom/storage/framework/views/5f99a40d2daa29ddf034d103794613aa): failed to open stream: Permission denied (View: /home/pi/code/mushroom/resources/views/index/base.blade.php)' in /home/pi/code/mushroom/vendor/laravel/framework/src/Illuminate/Filesystem/Filesystem.php:74
Stack trace:
#0 /home/pi/code/mushroom/vendor/laravel/framework/src/Illuminate/View/Engines/PhpEngine.php(43): Illuminate\View\Engines\CompilerEngine->handleViewException(Object(ErrorException), 1)
#1 /home/pi/code/mushroom/vendor/laravel/framework/src/Illuminate/View/Engines/CompilerEngine.php(57): Illuminate\View\Engines\PhpEngine->evaluatePath('/home/pi/code/m...', Array)
#2 /home/pi/code/mushroom/vendor/laravel/framework/src/Illuminate/View/View.php(136): Illuminate\View\Engines\CompilerEngine->get('/home/pi/code/m...', Array)
#3 /home/pi/code/mushroom/vendor/laravel/framework/src/Illuminate/View/View.php(104): Illuminate\View\View->getContents()
#4 /home/pi/code/mushroom/vendor/laravel/framework/src/Illuminate/View/View.php(78): Illuminate\View\View->renderContents()
#5 /home/pi/code/mushroom/vendor/laravel/framework/src/Illuminate/Http/Response.php(44): Illuminate\View\View->render()
#6 /home/pi/code/mushroom/vendor/symfony/http-foundation/Symfony/Component/HttpFoundation/Response.php(202): Illuminate\Http\Response->setContent(Object(Illuminate\View\View))
#7 /home/pi/code/mushroom/vendor/laravel/framework/src/Illuminate/Routing/Router.php(1188): Symfony\Component\HttpFoundation\Response->__construct(Object(Illuminate\View\View))
#8 /home/pi/code/mushroom/vendor/laravel/framework/src/Illuminate/Routing/Router.php(692): Illuminate\Routing\Router->prepareResponse(Object(Illuminate\Http\Request), Object(Illuminate\View\View))
#9 [internal function]: Illuminate\Routing\Router->Illuminate\Routing\{closure}(Object(Illuminate\Http\Request))
#10 /home/pi/code/mushroom/vendor/laravel/framework/src/Illuminate/Pipeline/Pipeline.php(141): call_user_func(Object(Closure), Object(Illuminate\Http\Request))
#11 [internal function]: Illuminate\Pipeline\Pipeline->Illuminate\Pipeline\{closure}(Object(Illuminate\Http\Request))
#12 /home/pi/code/mushroom/vendor/laravel/framework/src/Illuminate/Pipeline/Pipeline.php(101): call_user_func(Object(Closure), Object(Illuminate\Http\Request))
#13 /home/pi/code/mushroom/vendor/laravel/framework/src/Illuminate/Routing/Router.php(693): Illuminate\Pipeline\Pipeline->then(Object(Closure))
#14 /home/pi/code/mushroom/vendor/laravel/framework/src/Illuminate/Routing/Router.php(660): Illuminate\Routing\Router->runRouteWithinStack(Object(Illuminate\Routing\Route), Object(Illuminate\Http\Request))
#15 /home/pi/code/mushroom/vendor/laravel/framework/src/Illuminate/Routing/Router.php(618): Illuminate\Routing\Router->dispatchToRoute(Object(Illuminate\Http\Request))
#16 /home/pi/code/mushroom/vendor/laravel/framework/src/Illuminate/Foundation/Http/Kernel.php(210): Illuminate\Routing\Router->dispatch(Object(Illuminate\Http\Request))
#17 [internal function]: Illuminate\Foundation\Http\Kernel->Illuminate\Foundation\Http\{closure}(Object(Illuminate\Http\Request))
#18 /home/pi/code/mushroom/vendor/laravel/framework/src/Illuminate/Pipeline/Pipeline.php(141): call_user_func(Object(Closure), Object(Illuminate\Http\Request))
#19 /home/pi/code/mushroom/vendor/laravel/framework/src/Illuminate/View/Middleware/ShareErrorsFromSession.php(55): Illuminate\Pipeline\Pipeline->Illuminate\Pipeline\{closure}(Object(Illuminate\Http\Request))
#20 /home/pi/code/mushroom/vendor/laravel/framework/src/Illuminate/Pipeline/Pipeline.php(125): Illuminate\View\Middleware\ShareErrorsFromSession->handle(Object(Illuminate\Http\Request), Object(Closure))
#21 /home/pi/code/mushroom/vendor/laravel/framework/src/Illuminate/Session/Middleware/StartSession.php(61): Illuminate\Pipeline\Pipeline->Illuminate\Pipeline\{closure}(Object(Illuminate\Http\Request))
#22 /home/pi/code/mushroom/vendor/laravel/framework/src/Illuminate/Pipeline/Pipeline.php(125): Illuminate\Session\Middleware\StartSession->handle(Object(Illuminate\Http\Request), Object(Closure))
#23 /home/pi/code/mushroom/vendor/laravel/framework/src/Illuminate/Cookie/Middleware/AddQueuedCookiesToResponse.php(36): Illuminate\Pipeline\Pipeline->Illuminate\Pipeline\{closure}(Object(Illuminate\Http\Request))
#24 /home/pi/code/mushroom/vendor/laravel/framework/src/Illuminate/Pipeline/Pipeline.php(125): Illuminate\Cookie\Middleware\AddQueuedCookiesToResponse->handle(Object(Illuminate\Http\Request), Object(Closure))
#25 /home/pi/code/mushroom/vendor/laravel/framework/src/Illuminate/Cookie/Middleware/EncryptCookies.php(40): Illuminate\Pipeline\Pipeline->Illuminate\Pipeline\{closure}(Object(Illuminate\Http\Request))
#26 /home/pi/code/mushroom/vendor/laravel/framework/src/Illuminate/Pipeline/Pipeline.php(125): Illuminate\Cookie\Middleware\EncryptCookies->handle(Object(Illuminate\Http\Request), Object(Closure))
#27 /home/pi/code/mushroom/vendor/laravel/framework/src/Illuminate/Foundation/Http/Middleware/CheckForMaintenanceMode.php(42): Illuminate\Pipeline\Pipeline->Illuminate\Pipeline\{closure}(Object(Illuminate\Http\Request))
#28 /home/pi/code/mushroom/vendor/laravel/framework/src/Illuminate/Pipeline/Pipeline.php(125): Illuminate\Foundation\Http\Middleware\CheckForMaintenanceMode->handle(Object(Illuminate\Http\Request), Object(Closure))
#29 [internal function]: Illuminate\Pipeline\Pipeline->Illuminate\Pipeline\{closure}(Object(Illuminate\Http\Request))
#30 /home/pi/code/mushroom/vendor/laravel/framework/src/Illuminate/Pipeline/Pipeline.php(101): call_user_func(Object(Closure), Object(Illuminate\Http\Request))
#31 /home/pi/code/mushroom/vendor/laravel/framework/src/Illuminate/Foundation/Http/Kernel.php(111): Illuminate\Pipeline\Pipeline->then(Object(Closure))
#32 /home/pi/code/mushroom/vendor/laravel/framework/src/Illuminate/Foundation/Http/Kernel.php(84): Illuminate\Foundation\Http\Kernel->sendRequestThroughRouter(Object(Illuminate\Http\Request))
#33 /home/pi/code/mushroom/public/index.php(54): Illuminate\Foundation\Http\Kernel->handle(Object(Illuminate\Http\Request))
#34 {main}  
[2015-08-27 15:32:53] local.ERROR: exception 'ErrorException' with message 'file_put_contents(/home/pi/code/mushroom/storage/framework/views/5f99a40d2daa29ddf034d103794613aa): failed to open stream: Permission denied' in /home/pi/code/mushroom/vendor/laravel/framework/src/Illuminate/Filesystem/Filesystem.php:74
Stack trace:
#0 [internal function]: Illuminate\Foundation\Bootstrap\HandleExceptions->handleError(2, 'file_put_conten...', '/home/pi/code/m...', 74, Array)
#1 /home/pi/code/mushroom/vendor/laravel/framework/src/Illuminate/Filesystem/Filesystem.php(74): file_put_contents('/home/pi/code/m...', '<!DOCTYPE html>...', 0)
#2 /home/pi/code/mushroom/vendor/laravel/framework/src/Illuminate/View/Compilers/BladeCompiler.php(94): Illuminate\Filesystem\Filesystem->put('/home/pi/code/m...', '<!DOCTYPE html>...')
#3 /home/pi/code/mushroom/vendor/laravel/framework/src/Illuminate/View/Engines/CompilerEngine.php(49): Illuminate\View\Compilers\BladeCompiler->compile('/home/pi/code/m...')
#4 /home/pi/code/mushroom/vendor/laravel/framework/src/Illuminate/View/View.php(136): Illuminate\View\Engines\CompilerEngine->get('/home/pi/code/m...', Array)
#5 /home/pi/code/mushroom/vendor/laravel/framework/src/Illuminate/View/View.php(104): Illuminate\View\View->getContents()
#6 /home/pi/code/mushroom/vendor/laravel/framework/src/Illuminate/View/View.php(78): Illuminate\View\View->renderContents()
#7 /home/pi/code/mushroom/storage/framework/views/cf20019943bb1939aa3490225f097b34(146): Illuminate\View\View->render()
#8 /home/pi/code/mushroom/vendor/laravel/framework/src/Illuminate/View/Engines/PhpEngine.php(39): include('/home/pi/code/m...')
#9 /home/pi/code/mushroom/vendor/laravel/framework/src/Illuminate/View/Engines/CompilerEngine.php(57): Illuminate\View\Engines\PhpEngine->evaluatePath('/home/pi/code/m...', Array)
#10 /home/pi/code/mushroom/vendor/laravel/framework/src/Illuminate/View/View.php(136): Illuminate\View\Engines\CompilerEngine->get('/home/pi/code/m...', Array)
#11 /home/pi/code/mushroom/vendor/laravel/framework/src/Illuminate/View/View.php(104): Illuminate\View\View->getContents()
#12 /home/pi/code/mushroom/vendor/laravel/framework/src/Illuminate/View/View.php(78): Illuminate\View\View->renderContents()
#13 /home/pi/code/mushroom/vendor/laravel/framework/src/Illuminate/Http/Response.php(44): Illuminate\View\View->render()
#14 /home/pi/code/mushroom/vendor/symfony/http-foundation/Symfony/Component/HttpFoundation/Response.php(202): Illuminate\Http\Response->setContent(Object(Illuminate\View\View))
#15 /home/pi/code/mushroom/vendor/laravel/framework/src/Illuminate/Routing/Router.php(1188): Symfony\Component\HttpFoundation\Response->__construct(Object(Illuminate\View\View))
#16 /home/pi/code/mushroom/vendor/laravel/framework/src/Illuminate/Routing/Router.php(692): Illuminate\Routing\Router->prepareResponse(Object(Illuminate\Http\Request), Object(Illuminate\View\View))
#17 [internal function]: Illuminate\Routing\Router->Illuminate\Routing\{closure}(Object(Illuminate\Http\Request))
#18 /home/pi/code/mushroom/vendor/laravel/framework/src/Illuminate/Pipeline/Pipeline.php(141): call_user_func(Object(Closure), Object(Illuminate\Http\Request))
#19 [internal function]: Illuminate\Pipeline\Pipeline->Illuminate\Pipeline\{closure}(Object(Illuminate\Http\Request))
#20 /home/pi/code/mushroom/vendor/laravel/framework/src/Illuminate/Pipeline/Pipeline.php(101): call_user_func(Object(Closure), Object(Illuminate\Http\Request))
#21 /home/pi/code/mushroom/vendor/laravel/framework/src/Illuminate/Routing/Router.php(693): Illuminate\Pipeline\Pipeline->then(Object(Closure))
#22 /home/pi/code/mushroom/vendor/laravel/framework/src/Illuminate/Routing/Router.php(660): Illuminate\Routing\Router->runRouteWithinStack(Object(Illuminate\Routing\Route), Object(Illuminate\Http\Request))
#23 /home/pi/code/mushroom/vendor/laravel/framework/src/Illuminate/Routing/Router.php(618): Illuminate\Routing\Router->dispatchToRoute(Object(Illuminate\Http\Request))
#24 /home/pi/code/mushroom/vendor/laravel/framework/src/Illuminate/Foundation/Http/Kernel.php(210): Illuminate\Routing\Router->dispatch(Object(Illuminate\Http\Request))
#25 [internal function]: Illuminate\Foundation\Http\Kernel->Illuminate\Foundation\Http\{closure}(Object(Illuminate\Http\Request))
#26 /home/pi/code/mushroom/vendor/laravel/framework/src/Illuminate/Pipeline/Pipeline.php(141): call_user_func(Object(Closure), Object(Illuminate\Http\Request))
#27 /home/pi/code/mushroom/vendor/laravel/framework/src/Illuminate/View/Middleware/ShareErrorsFromSession.php(55): Illuminate\Pipeline\Pipeline->Illuminate\Pipeline\{closure}(Object(Illuminate\Http\Request))
#28 /home/pi/code/mushroom/vendor/laravel/framework/src/Illuminate/Pipeline/Pipeline.php(125): Illuminate\View\Middleware\ShareErrorsFromSession->handle(Object(Illuminate\Http\Request), Object(Closure))
#29 /home/pi/code/mushroom/vendor/laravel/framework/src/Illuminate/Session/Middleware/StartSession.php(61): Illuminate\Pipeline\Pipeline->Illuminate\Pipeline\{closure}(Object(Illuminate\Http\Request))
#30 /home/pi/code/mushroom/vendor/laravel/framework/src/Illuminate/Pipeline/Pipeline.php(125): Illuminate\Session\Middleware\StartSession->handle(Object(Illuminate\Http\Request), Object(Closure))
#31 /home/pi/code/mushroom/vendor/laravel/framework/src/Illuminate/Cookie/Middleware/AddQueuedCookiesToResponse.php(36): Illuminate\Pipeline\Pipeline->Illuminate\Pipeline\{closure}(Object(Illuminate\Http\Request))
#32 /home/pi/code/mushroom/vendor/laravel/framework/src/Illuminate/Pipeline/Pipeline.php(125): Illuminate\Cookie\Middleware\AddQueuedCookiesToResponse->handle(Object(Illuminate\Http\Request), Object(Closure))
#33 /home/pi/code/mushroom/vendor/laravel/framework/src/Illuminate/Cookie/Middleware/EncryptCookies.php(40): Illuminate\Pipeline\Pipeline->Illuminate\Pipeline\{closure}(Object(Illuminate\Http\Request))
#34 /home/pi/code/mushroom/vendor/laravel/framework/src/Illuminate/Pipeline/Pipeline.php(125): Illuminate\Cookie\Middleware\EncryptCookies->handle(Object(Illuminate\Http\Request), Object(Closure))
#35 /home/pi/code/mushroom/vendor/laravel/framework/src/Illuminate/Foundation/Http/Middleware/CheckForMaintenanceMode.php(42): Illuminate\Pipeline\Pipeline->Illuminate\Pipeline\{closure}(Object(Illuminate\Http\Request))
#36 /home/pi/code/mushroom/vendor/laravel/framework/src/Illuminate/Pipeline/Pipeline.php(125): Illuminate\Foundation\Http\Middleware\CheckForMaintenanceMode->handle(Object(Illuminate\Http\Request), Object(Closure))
#37 [internal function]: Illuminate\Pipeline\Pipeline->Illuminate\Pipeline\{closure}(Object(Illuminate\Http\Request))
#38 /home/pi/code/mushroom/vendor/laravel/framework/src/Illuminate/Pipeline/Pipeline.php(101): call_user_func(Object(Closure), Object(Illuminate\Http\Request))
#39 /home/pi/code/mushroom/vendor/laravel/framework/src/Illuminate/Foundation/Http/Kernel.php(111): Illuminate\Pipeline\Pipeline->then(Object(Closure))
#40 /home/pi/code/mushroom/vendor/laravel/framework/src/Illuminate/Foundation/Http/Kernel.php(84): Illuminate\Foundation\Http\Kernel->sendRequestThroughRouter(Object(Illuminate\Http\Request))
#41 /home/pi/code/mushroom/public/index.php(54): Illuminate\Foundation\Http\Kernel->handle(Object(Illuminate\Http\Request))
#42 {main}

Next exception 'ErrorException' with message 'file_put_contents(/home/pi/code/mushroom/storage/framework/views/5f99a40d2daa29ddf034d103794613aa): failed to open stream: Permission denied (View: /home/pi/code/mushroom/resources/views/index/base.blade.php)' in /home/pi/code/mushroom/vendor/laravel/framework/src/Illuminate/Filesystem/Filesystem.php:74
Stack trace:
#0 /home/pi/code/mushroom/vendor/laravel/framework/src/Illuminate/View/Engines/PhpEngine.php(43): Illuminate\View\Engines\CompilerEngine->handleViewException(Object(ErrorException), 1)
#1 /home/pi/code/mushroom/vendor/laravel/framework/src/Illuminate/View/Engines/CompilerEngine.php(57): Illuminate\View\Engines\PhpEngine->evaluatePath('/home/pi/code/m...', Array)
#2 /home/pi/code/mushroom/vendor/laravel/framework/src/Illuminate/View/View.php(136): Illuminate\View\Engines\CompilerEngine->get('/home/pi/code/m...', Array)
#3 /home/pi/code/mushroom/vendor/laravel/framework/src/Illuminate/View/View.php(104): Illuminate\View\View->getContents()
#4 /home/pi/code/mushroom/vendor/laravel/framework/src/Illuminate/View/View.php(78): Illuminate\View\View->renderContents()
#5 /home/pi/code/mushroom/vendor/laravel/framework/src/Illuminate/Http/Response.php(44): Illuminate\View\View->render()
#6 /home/pi/code/mushroom/vendor/symfony/http-foundation/Symfony/Component/HttpFoundation/Response.php(202): Illuminate\Http\Response->setContent(Object(Illuminate\View\View))
#7 /home/pi/code/mushroom/vendor/laravel/framework/src/Illuminate/Routing/Router.php(1188): Symfony\Component\HttpFoundation\Response->__construct(Object(Illuminate\View\View))
#8 /home/pi/code/mushroom/vendor/laravel/framework/src/Illuminate/Routing/Router.php(692): Illuminate\Routing\Router->prepareResponse(Object(Illuminate\Http\Request), Object(Illuminate\View\View))
#9 [internal function]: Illuminate\Routing\Router->Illuminate\Routing\{closure}(Object(Illuminate\Http\Request))
#10 /home/pi/code/mushroom/vendor/laravel/framework/src/Illuminate/Pipeline/Pipeline.php(141): call_user_func(Object(Closure), Object(Illuminate\Http\Request))
#11 [internal function]: Illuminate\Pipeline\Pipeline->Illuminate\Pipeline\{closure}(Object(Illuminate\Http\Request))
#12 /home/pi/code/mushroom/vendor/laravel/framework/src/Illuminate/Pipeline/Pipeline.php(101): call_user_func(Object(Closure), Object(Illuminate\Http\Request))
#13 /home/pi/code/mushroom/vendor/laravel/framework/src/Illuminate/Routing/Router.php(693): Illuminate\Pipeline\Pipeline->then(Object(Closure))
#14 /home/pi/code/mushroom/vendor/laravel/framework/src/Illuminate/Routing/Router.php(660): Illuminate\Routing\Router->runRouteWithinStack(Object(Illuminate\Routing\Route), Object(Illuminate\Http\Request))
#15 /home/pi/code/mushroom/vendor/laravel/framework/src/Illuminate/Routing/Router.php(618): Illuminate\Routing\Router->dispatchToRoute(Object(Illuminate\Http\Request))
#16 /home/pi/code/mushroom/vendor/laravel/framework/src/Illuminate/Foundation/Http/Kernel.php(210): Illuminate\Routing\Router->dispatch(Object(Illuminate\Http\Request))
#17 [internal function]: Illuminate\Foundation\Http\Kernel->Illuminate\Foundation\Http\{closure}(Object(Illuminate\Http\Request))
#18 /home/pi/code/mushroom/vendor/laravel/framework/src/Illuminate/Pipeline/Pipeline.php(141): call_user_func(Object(Closure), Object(Illuminate\Http\Request))
#19 /home/pi/code/mushroom/vendor/laravel/framework/src/Illuminate/View/Middleware/ShareErrorsFromSession.php(55): Illuminate\Pipeline\Pipeline->Illuminate\Pipeline\{closure}(Object(Illuminate\Http\Request))
#20 /home/pi/code/mushroom/vendor/laravel/framework/src/Illuminate/Pipeline/Pipeline.php(125): Illuminate\View\Middleware\ShareErrorsFromSession->handle(Object(Illuminate\Http\Request), Object(Closure))
#21 /home/pi/code/mushroom/vendor/laravel/framework/src/Illuminate/Session/Middleware/StartSession.php(61): Illuminate\Pipeline\Pipeline->Illuminate\Pipeline\{closure}(Object(Illuminate\Http\Request))
#22 /home/pi/code/mushroom/vendor/laravel/framework/src/Illuminate/Pipeline/Pipeline.php(125): Illuminate\Session\Middleware\StartSession->handle(Object(Illuminate\Http\Request), Object(Closure))
#23 /home/pi/code/mushroom/vendor/laravel/framework/src/Illuminate/Cookie/Middleware/AddQueuedCookiesToResponse.php(36): Illuminate\Pipeline\Pipeline->Illuminate\Pipeline\{closure}(Object(Illuminate\Http\Request))
#24 /home/pi/code/mushroom/vendor/laravel/framework/src/Illuminate/Pipeline/Pipeline.php(125): Illuminate\Cookie\Middleware\AddQueuedCookiesToResponse->handle(Object(Illuminate\Http\Request), Object(Closure))
#25 /home/pi/code/mushroom/vendor/laravel/framework/src/Illuminate/Cookie/Middleware/EncryptCookies.php(40): Illuminate\Pipeline\Pipeline->Illuminate\Pipeline\{closure}(Object(Illuminate\Http\Request))
#26 /home/pi/code/mushroom/vendor/laravel/framework/src/Illuminate/Pipeline/Pipeline.php(125): Illuminate\Cookie\Middleware\EncryptCookies->handle(Object(Illuminate\Http\Request), Object(Closure))
#27 /home/pi/code/mushroom/vendor/laravel/framework/src/Illuminate/Foundation/Http/Middleware/CheckForMaintenanceMode.php(42): Illuminate\Pipeline\Pipeline->Illuminate\Pipeline\{closure}(Object(Illuminate\Http\Request))
#28 /home/pi/code/mushroom/vendor/laravel/framework/src/Illuminate/Pipeline/Pipeline.php(125): Illuminate\Foundation\Http\Middleware\CheckForMaintenanceMode->handle(Object(Illuminate\Http\Request), Object(Closure))
#29 [internal function]: Illuminate\Pipeline\Pipeline->Illuminate\Pipeline\{closure}(Object(Illuminate\Http\Request))
#30 /home/pi/code/mushroom/vendor/laravel/framework/src/Illuminate/Pipeline/Pipeline.php(101): call_user_func(Object(Closure), Object(Illuminate\Http\Request))
#31 /home/pi/code/mushroom/vendor/laravel/framework/src/Illuminate/Foundation/Http/Kernel.php(111): Illuminate\Pipeline\Pipeline->then(Object(Closure))
#32 /home/pi/code/mushroom/vendor/laravel/framework/src/Illuminate/Foundation/Http/Kernel.php(84): Illuminate\Foundation\Http\Kernel->sendRequestThroughRouter(Object(Illuminate\Http\Request))
#33 /home/pi/code/mushroom/public/index.php(54): Illuminate\Foundation\Http\Kernel->handle(Object(Illuminate\Http\Request))
#34 {main}  
[2015-08-27 15:32:56] local.ERROR: exception 'ErrorException' with message 'file_put_contents(/home/pi/code/mushroom/storage/framework/views/5f99a40d2daa29ddf034d103794613aa): failed to open stream: Permission denied' in /home/pi/code/mushroom/vendor/laravel/framework/src/Illuminate/Filesystem/Filesystem.php:74
Stack trace:
#0 [internal function]: Illuminate\Foundation\Bootstrap\HandleExceptions->handleError(2, 'file_put_conten...', '/home/pi/code/m...', 74, Array)
#1 /home/pi/code/mushroom/vendor/laravel/framework/src/Illuminate/Filesystem/Filesystem.php(74): file_put_contents('/home/pi/code/m...', '<!DOCTYPE html>...', 0)
#2 /home/pi/code/mushroom/vendor/laravel/framework/src/Illuminate/View/Compilers/BladeCompiler.php(94): Illuminate\Filesystem\Filesystem->put('/home/pi/code/m...', '<!DOCTYPE html>...')
#3 /home/pi/code/mushroom/vendor/laravel/framework/src/Illuminate/View/Engines/CompilerEngine.php(49): Illuminate\View\Compilers\BladeCompiler->compile('/home/pi/code/m...')
#4 /home/pi/code/mushroom/vendor/laravel/framework/src/Illuminate/View/View.php(136): Illuminate\View\Engines\CompilerEngine->get('/home/pi/code/m...', Array)
#5 /home/pi/code/mushroom/vendor/laravel/framework/src/Illuminate/View/View.php(104): Illuminate\View\View->getContents()
#6 /home/pi/code/mushroom/vendor/laravel/framework/src/Illuminate/View/View.php(78): Illuminate\View\View->renderContents()
#7 /home/pi/code/mushroom/storage/framework/views/cf20019943bb1939aa3490225f097b34(146): Illuminate\View\View->render()
#8 /home/pi/code/mushroom/vendor/laravel/framework/src/Illuminate/View/Engines/PhpEngine.php(39): include('/home/pi/code/m...')
#9 /home/pi/code/mushroom/vendor/laravel/framework/src/Illuminate/View/Engines/CompilerEngine.php(57): Illuminate\View\Engines\PhpEngine->evaluatePath('/home/pi/code/m...', Array)
#10 /home/pi/code/mushroom/vendor/laravel/framework/src/Illuminate/View/View.php(136): Illuminate\View\Engines\CompilerEngine->get('/home/pi/code/m...', Array)
#11 /home/pi/code/mushroom/vendor/laravel/framework/src/Illuminate/View/View.php(104): Illuminate\View\View->getContents()
#12 /home/pi/code/mushroom/vendor/laravel/framework/src/Illuminate/View/View.php(78): Illuminate\View\View->renderContents()
#13 /home/pi/code/mushroom/vendor/laravel/framework/src/Illuminate/Http/Response.php(44): Illuminate\View\View->render()
#14 /home/pi/code/mushroom/vendor/symfony/http-foundation/Symfony/Component/HttpFoundation/Response.php(202): Illuminate\Http\Response->setContent(Object(Illuminate\View\View))
#15 /home/pi/code/mushroom/vendor/laravel/framework/src/Illuminate/Routing/Router.php(1188): Symfony\Component\HttpFoundation\Response->__construct(Object(Illuminate\View\View))
#16 /home/pi/code/mushroom/vendor/laravel/framework/src/Illuminate/Routing/Router.php(692): Illuminate\Routing\Router->prepareResponse(Object(Illuminate\Http\Request), Object(Illuminate\View\View))
#17 [internal function]: Illuminate\Routing\Router->Illuminate\Routing\{closure}(Object(Illuminate\Http\Request))
#18 /home/pi/code/mushroom/vendor/laravel/framework/src/Illuminate/Pipeline/Pipeline.php(141): call_user_func(Object(Closure), Object(Illuminate\Http\Request))
#19 [internal function]: Illuminate\Pipeline\Pipeline->Illuminate\Pipeline\{closure}(Object(Illuminate\Http\Request))
#20 /home/pi/code/mushroom/vendor/laravel/framework/src/Illuminate/Pipeline/Pipeline.php(101): call_user_func(Object(Closure), Object(Illuminate\Http\Request))
#21 /home/pi/code/mushroom/vendor/laravel/framework/src/Illuminate/Routing/Router.php(693): Illuminate\Pipeline\Pipeline->then(Object(Closure))
#22 /home/pi/code/mushroom/vendor/laravel/framework/src/Illuminate/Routing/Router.php(660): Illuminate\Routing\Router->runRouteWithinStack(Object(Illuminate\Routing\Route), Object(Illuminate\Http\Request))
#23 /home/pi/code/mushroom/vendor/laravel/framework/src/Illuminate/Routing/Router.php(618): Illuminate\Routing\Router->dispatchToRoute(Object(Illuminate\Http\Request))
#24 /home/pi/code/mushroom/vendor/laravel/framework/src/Illuminate/Foundation/Http/Kernel.php(210): Illuminate\Routing\Router->dispatch(Object(Illuminate\Http\Request))
#25 [internal function]: Illuminate\Foundation\Http\Kernel->Illuminate\Foundation\Http\{closure}(Object(Illuminate\Http\Request))
#26 /home/pi/code/mushroom/vendor/laravel/framework/src/Illuminate/Pipeline/Pipeline.php(141): call_user_func(Object(Closure), Object(Illuminate\Http\Request))
#27 /home/pi/code/mushroom/vendor/laravel/framework/src/Illuminate/View/Middleware/ShareErrorsFromSession.php(55): Illuminate\Pipeline\Pipeline->Illuminate\Pipeline\{closure}(Object(Illuminate\Http\Request))
#28 /home/pi/code/mushroom/vendor/laravel/framework/src/Illuminate/Pipeline/Pipeline.php(125): Illuminate\View\Middleware\ShareErrorsFromSession->handle(Object(Illuminate\Http\Request), Object(Closure))
#29 /home/pi/code/mushroom/vendor/laravel/framework/src/Illuminate/Session/Middleware/StartSession.php(61): Illuminate\Pipeline\Pipeline->Illuminate\Pipeline\{closure}(Object(Illuminate\Http\Request))
#30 /home/pi/code/mushroom/vendor/laravel/framework/src/Illuminate/Pipeline/Pipeline.php(125): Illuminate\Session\Middleware\StartSession->handle(Object(Illuminate\Http\Request), Object(Closure))
#31 /home/pi/code/mushroom/vendor/laravel/framework/src/Illuminate/Cookie/Middleware/AddQueuedCookiesToResponse.php(36): Illuminate\Pipeline\Pipeline->Illuminate\Pipeline\{closure}(Object(Illuminate\Http\Request))
#32 /home/pi/code/mushroom/vendor/laravel/framework/src/Illuminate/Pipeline/Pipeline.php(125): Illuminate\Cookie\Middleware\AddQueuedCookiesToResponse->handle(Object(Illuminate\Http\Request), Object(Closure))
#33 /home/pi/code/mushroom/vendor/laravel/framework/src/Illuminate/Cookie/Middleware/EncryptCookies.php(40): Illuminate\Pipeline\Pipeline->Illuminate\Pipeline\{closure}(Object(Illuminate\Http\Request))
#34 /home/pi/code/mushroom/vendor/laravel/framework/src/Illuminate/Pipeline/Pipeline.php(125): Illuminate\Cookie\Middleware\EncryptCookies->handle(Object(Illuminate\Http\Request), Object(Closure))
#35 /home/pi/code/mushroom/vendor/laravel/framework/src/Illuminate/Foundation/Http/Middleware/CheckForMaintenanceMode.php(42): Illuminate\Pipeline\Pipeline->Illuminate\Pipeline\{closure}(Object(Illuminate\Http\Request))
#36 /home/pi/code/mushroom/vendor/laravel/framework/src/Illuminate/Pipeline/Pipeline.php(125): Illuminate\Foundation\Http\Middleware\CheckForMaintenanceMode->handle(Object(Illuminate\Http\Request), Object(Closure))
#37 [internal function]: Illuminate\Pipeline\Pipeline->Illuminate\Pipeline\{closure}(Object(Illuminate\Http\Request))
#38 /home/pi/code/mushroom/vendor/laravel/framework/src/Illuminate/Pipeline/Pipeline.php(101): call_user_func(Object(Closure), Object(Illuminate\Http\Request))
#39 /home/pi/code/mushroom/vendor/laravel/framework/src/Illuminate/Foundation/Http/Kernel.php(111): Illuminate\Pipeline\Pipeline->then(Object(Closure))
#40 /home/pi/code/mushroom/vendor/laravel/framework/src/Illuminate/Foundation/Http/Kernel.php(84): Illuminate\Foundation\Http\Kernel->sendRequestThroughRouter(Object(Illuminate\Http\Request))
#41 /home/pi/code/mushroom/public/index.php(54): Illuminate\Foundation\Http\Kernel->handle(Object(Illuminate\Http\Request))
#42 {main}

Next exception 'ErrorException' with message 'file_put_contents(/home/pi/code/mushroom/storage/framework/views/5f99a40d2daa29ddf034d103794613aa): failed to open stream: Permission denied (View: /home/pi/code/mushroom/resources/views/index/base.blade.php)' in /home/pi/code/mushroom/vendor/laravel/framework/src/Illuminate/Filesystem/Filesystem.php:74
Stack trace:
#0 /home/pi/code/mushroom/vendor/laravel/framework/src/Illuminate/View/Engines/PhpEngine.php(43): Illuminate\View\Engines\CompilerEngine->handleViewException(Object(ErrorException), 1)
#1 /home/pi/code/mushroom/vendor/laravel/framework/src/Illuminate/View/Engines/CompilerEngine.php(57): Illuminate\View\Engines\PhpEngine->evaluatePath('/home/pi/code/m...', Array)
#2 /home/pi/code/mushroom/vendor/laravel/framework/src/Illuminate/View/View.php(136): Illuminate\View\Engines\CompilerEngine->get('/home/pi/code/m...', Array)
#3 /home/pi/code/mushroom/vendor/laravel/framework/src/Illuminate/View/View.php(104): Illuminate\View\View->getContents()
#4 /home/pi/code/mushroom/vendor/laravel/framework/src/Illuminate/View/View.php(78): Illuminate\View\View->renderContents()
#5 /home/pi/code/mushroom/vendor/laravel/framework/src/Illuminate/Http/Response.php(44): Illuminate\View\View->render()
#6 /home/pi/code/mushroom/vendor/symfony/http-foundation/Symfony/Component/HttpFoundation/Response.php(202): Illuminate\Http\Response->setContent(Object(Illuminate\View\View))
#7 /home/pi/code/mushroom/vendor/laravel/framework/src/Illuminate/Routing/Router.php(1188): Symfony\Component\HttpFoundation\Response->__construct(Object(Illuminate\View\View))
#8 /home/pi/code/mushroom/vendor/laravel/framework/src/Illuminate/Routing/Router.php(692): Illuminate\Routing\Router->prepareResponse(Object(Illuminate\Http\Request), Object(Illuminate\View\View))
#9 [internal function]: Illuminate\Routing\Router->Illuminate\Routing\{closure}(Object(Illuminate\Http\Request))
#10 /home/pi/code/mushroom/vendor/laravel/framework/src/Illuminate/Pipeline/Pipeline.php(141): call_user_func(Object(Closure), Object(Illuminate\Http\Request))
#11 [internal function]: Illuminate\Pipeline\Pipeline->Illuminate\Pipeline\{closure}(Object(Illuminate\Http\Request))
#12 /home/pi/code/mushroom/vendor/laravel/framework/src/Illuminate/Pipeline/Pipeline.php(101): call_user_func(Object(Closure), Object(Illuminate\Http\Request))
#13 /home/pi/code/mushroom/vendor/laravel/framework/src/Illuminate/Routing/Router.php(693): Illuminate\Pipeline\Pipeline->then(Object(Closure))
#14 /home/pi/code/mushroom/vendor/laravel/framework/src/Illuminate/Routing/Router.php(660): Illuminate\Routing\Router->runRouteWithinStack(Object(Illuminate\Routing\Route), Object(Illuminate\Http\Request))
#15 /home/pi/code/mushroom/vendor/laravel/framework/src/Illuminate/Routing/Router.php(618): Illuminate\Routing\Router->dispatchToRoute(Object(Illuminate\Http\Request))
#16 /home/pi/code/mushroom/vendor/laravel/framework/src/Illuminate/Foundation/Http/Kernel.php(210): Illuminate\Routing\Router->dispatch(Object(Illuminate\Http\Request))
#17 [internal function]: Illuminate\Foundation\Http\Kernel->Illuminate\Foundation\Http\{closure}(Object(Illuminate\Http\Request))
#18 /home/pi/code/mushroom/vendor/laravel/framework/src/Illuminate/Pipeline/Pipeline.php(141): call_user_func(Object(Closure), Object(Illuminate\Http\Request))
#19 /home/pi/code/mushroom/vendor/laravel/framework/src/Illuminate/View/Middleware/ShareErrorsFromSession.php(55): Illuminate\Pipeline\Pipeline->Illuminate\Pipeline\{closure}(Object(Illuminate\Http\Request))
#20 /home/pi/code/mushroom/vendor/laravel/framework/src/Illuminate/Pipeline/Pipeline.php(125): Illuminate\View\Middleware\ShareErrorsFromSession->handle(Object(Illuminate\Http\Request), Object(Closure))
#21 /home/pi/code/mushroom/vendor/laravel/framework/src/Illuminate/Session/Middleware/StartSession.php(61): Illuminate\Pipeline\Pipeline->Illuminate\Pipeline\{closure}(Object(Illuminate\Http\Request))
#22 /home/pi/code/mushroom/vendor/laravel/framework/src/Illuminate/Pipeline/Pipeline.php(125): Illuminate\Session\Middleware\StartSession->handle(Object(Illuminate\Http\Request), Object(Closure))
#23 /home/pi/code/mushroom/vendor/laravel/framework/src/Illuminate/Cookie/Middleware/AddQueuedCookiesToResponse.php(36): Illuminate\Pipeline\Pipeline->Illuminate\Pipeline\{closure}(Object(Illuminate\Http\Request))
#24 /home/pi/code/mushroom/vendor/laravel/framework/src/Illuminate/Pipeline/Pipeline.php(125): Illuminate\Cookie\Middleware\AddQueuedCookiesToResponse->handle(Object(Illuminate\Http\Request), Object(Closure))
#25 /home/pi/code/mushroom/vendor/laravel/framework/src/Illuminate/Cookie/Middleware/EncryptCookies.php(40): Illuminate\Pipeline\Pipeline->Illuminate\Pipeline\{closure}(Object(Illuminate\Http\Request))
#26 /home/pi/code/mushroom/vendor/laravel/framework/src/Illuminate/Pipeline/Pipeline.php(125): Illuminate\Cookie\Middleware\EncryptCookies->handle(Object(Illuminate\Http\Request), Object(Closure))
#27 /home/pi/code/mushroom/vendor/laravel/framework/src/Illuminate/Foundation/Http/Middleware/CheckForMaintenanceMode.php(42): Illuminate\Pipeline\Pipeline->Illuminate\Pipeline\{closure}(Object(Illuminate\Http\Request))
#28 /home/pi/code/mushroom/vendor/laravel/framework/src/Illuminate/Pipeline/Pipeline.php(125): Illuminate\Foundation\Http\Middleware\CheckForMaintenanceMode->handle(Object(Illuminate\Http\Request), Object(Closure))
#29 [internal function]: Illuminate\Pipeline\Pipeline->Illuminate\Pipeline\{closure}(Object(Illuminate\Http\Request))
#30 /home/pi/code/mushroom/vendor/laravel/framework/src/Illuminate/Pipeline/Pipeline.php(101): call_user_func(Object(Closure), Object(Illuminate\Http\Request))
#31 /home/pi/code/mushroom/vendor/laravel/framework/src/Illuminate/Foundation/Http/Kernel.php(111): Illuminate\Pipeline\Pipeline->then(Object(Closure))
#32 /home/pi/code/mushroom/vendor/laravel/framework/src/Illuminate/Foundation/Http/Kernel.php(84): Illuminate\Foundation\Http\Kernel->sendRequestThroughRouter(Object(Illuminate\Http\Request))
#33 /home/pi/code/mushroom/public/index.php(54): Illuminate\Foundation\Http\Kernel->handle(Object(Illuminate\Http\Request))
#34 {main}  
[2015-08-27 16:11:26] local.ERROR: exception 'ErrorException' with message 'Undefined index: step' in /home/pi/code/mushroom/app/Http/Controllers/IndexController.php:253
Stack trace:
#0 /home/pi/code/mushroom/app/Http/Controllers/IndexController.php(253): Illuminate\Foundation\Bootstrap\HandleExceptions->handleError(8, 'Undefined index...', '/home/pi/code/m...', 253, Array)
#1 [internal function]: App\Http\Controllers\IndexController->getOrderdispatch()
#2 /home/pi/code/mushroom/vendor/laravel/framework/src/Illuminate/Routing/Controller.php(246): call_user_func_array(Array, Array)
#3 /home/pi/code/mushroom/vendor/laravel/framework/src/Illuminate/Routing/ControllerDispatcher.php(162): Illuminate\Routing\Controller->callAction('getOrderdispatc...', Array)
#4 /home/pi/code/mushroom/vendor/laravel/framework/src/Illuminate/Routing/ControllerDispatcher.php(107): Illuminate\Routing\ControllerDispatcher->call(Object(App\Http\Controllers\IndexController), Object(Illuminate\Routing\Route), 'getOrderdispatc...')
#5 [internal function]: Illuminate\Routing\ControllerDispatcher->Illuminate\Routing\{closure}(Object(Illuminate\Http\Request))
#6 /home/pi/code/mushroom/vendor/laravel/framework/src/Illuminate/Pipeline/Pipeline.php(141): call_user_func(Object(Closure), Object(Illuminate\Http\Request))
#7 [internal function]: Illuminate\Pipeline\Pipeline->Illuminate\Pipeline\{closure}(Object(Illuminate\Http\Request))
#8 /home/pi/code/mushroom/vendor/laravel/framework/src/Illuminate/Pipeline/Pipeline.php(101): call_user_func(Object(Closure), Object(Illuminate\Http\Request))
#9 /home/pi/code/mushroom/vendor/laravel/framework/src/Illuminate/Routing/ControllerDispatcher.php(108): Illuminate\Pipeline\Pipeline->then(Object(Closure))
#10 /home/pi/code/mushroom/vendor/laravel/framework/src/Illuminate/Routing/ControllerDispatcher.php(67): Illuminate\Routing\ControllerDispatcher->callWithinStack(Object(App\Http\Controllers\IndexController), Object(Illuminate\Routing\Route), Object(Illuminate\Http\Request), 'getOrderdispatc...')
#11 /home/pi/code/mushroom/vendor/laravel/framework/src/Illuminate/Routing/Route.php(198): Illuminate\Routing\ControllerDispatcher->dispatch(Object(Illuminate\Routing\Route), Object(Illuminate\Http\Request), 'App\\Http\\Contro...', 'getOrderdispatc...')
#12 /home/pi/code/mushroom/vendor/laravel/framework/src/Illuminate/Routing/Route.php(131): Illuminate\Routing\Route->runWithCustomDispatcher(Object(Illuminate\Http\Request))
#13 /home/pi/code/mushroom/vendor/laravel/framework/src/Illuminate/Routing/Router.php(691): Illuminate\Routing\Route->run(Object(Illuminate\Http\Request))
#14 [internal function]: Illuminate\Routing\Router->Illuminate\Routing\{closure}(Object(Illuminate\Http\Request))
#15 /home/pi/code/mushroom/vendor/laravel/framework/src/Illuminate/Pipeline/Pipeline.php(141): call_user_func(Object(Closure), Object(Illuminate\Http\Request))
#16 [internal function]: Illuminate\Pipeline\Pipeline->Illuminate\Pipeline\{closure}(Object(Illuminate\Http\Request))
#17 /home/pi/code/mushroom/vendor/laravel/framework/src/Illuminate/Pipeline/Pipeline.php(101): call_user_func(Object(Closure), Object(Illuminate\Http\Request))
#18 /home/pi/code/mushroom/vendor/laravel/framework/src/Illuminate/Routing/Router.php(693): Illuminate\Pipeline\Pipeline->then(Object(Closure))
#19 /home/pi/code/mushroom/vendor/laravel/framework/src/Illuminate/Routing/Router.php(660): Illuminate\Routing\Router->runRouteWithinStack(Object(Illuminate\Routing\Route), Object(Illuminate\Http\Request))
#20 /home/pi/code/mushroom/vendor/laravel/framework/src/Illuminate/Routing/Router.php(618): Illuminate\Routing\Router->dispatchToRoute(Object(Illuminate\Http\Request))
#21 /home/pi/code/mushroom/vendor/laravel/framework/src/Illuminate/Foundation/Http/Kernel.php(210): Illuminate\Routing\Router->dispatch(Object(Illuminate\Http\Request))
#22 [internal function]: Illuminate\Foundation\Http\Kernel->Illuminate\Foundation\Http\{closure}(Object(Illuminate\Http\Request))
#23 /home/pi/code/mushroom/vendor/laravel/framework/src/Illuminate/Pipeline/Pipeline.php(141): call_user_func(Object(Closure), Object(Illuminate\Http\Request))
#24 /home/pi/code/mushroom/vendor/laravel/framework/src/Illuminate/View/Middleware/ShareErrorsFromSession.php(55): Illuminate\Pipeline\Pipeline->Illuminate\Pipeline\{closure}(Object(Illuminate\Http\Request))
#25 /home/pi/code/mushroom/vendor/laravel/framework/src/Illuminate/Pipeline/Pipeline.php(125): Illuminate\View\Middleware\ShareErrorsFromSession->handle(Object(Illuminate\Http\Request), Object(Closure))
#26 /home/pi/code/mushroom/vendor/laravel/framework/src/Illuminate/Session/Middleware/StartSession.php(61): Illuminate\Pipeline\Pipeline->Illuminate\Pipeline\{closure}(Object(Illuminate\Http\Request))
#27 /home/pi/code/mushroom/vendor/laravel/framework/src/Illuminate/Pipeline/Pipeline.php(125): Illuminate\Session\Middleware\StartSession->handle(Object(Illuminate\Http\Request), Object(Closure))
#28 /home/pi/code/mushroom/vendor/laravel/framework/src/Illuminate/Cookie/Middleware/AddQueuedCookiesToResponse.php(36): Illuminate\Pipeline\Pipeline->Illuminate\Pipeline\{closure}(Object(Illuminate\Http\Request))
#29 /home/pi/code/mushroom/vendor/laravel/framework/src/Illuminate/Pipeline/Pipeline.php(125): Illuminate\Cookie\Middleware\AddQueuedCookiesToResponse->handle(Object(Illuminate\Http\Request), Object(Closure))
#30 /home/pi/code/mushroom/vendor/laravel/framework/src/Illuminate/Cookie/Middleware/EncryptCookies.php(40): Illuminate\Pipeline\Pipeline->Illuminate\Pipeline\{closure}(Object(Illuminate\Http\Request))
#31 /home/pi/code/mushroom/vendor/laravel/framework/src/Illuminate/Pipeline/Pipeline.php(125): Illuminate\Cookie\Middleware\EncryptCookies->handle(Object(Illuminate\Http\Request), Object(Closure))
#32 /home/pi/code/mushroom/vendor/laravel/framework/src/Illuminate/Foundation/Http/Middleware/CheckForMaintenanceMode.php(42): Illuminate\Pipeline\Pipeline->Illuminate\Pipeline\{closure}(Object(Illuminate\Http\Request))
#33 /home/pi/code/mushroom/vendor/laravel/framework/src/Illuminate/Pipeline/Pipeline.php(125): Illuminate\Foundation\Http\Middleware\CheckForMaintenanceMode->handle(Object(Illuminate\Http\Request), Object(Closure))
#34 [internal function]: Illuminate\Pipeline\Pipeline->Illuminate\Pipeline\{closure}(Object(Illuminate\Http\Request))
#35 /home/pi/code/mushroom/vendor/laravel/framework/src/Illuminate/Pipeline/Pipeline.php(101): call_user_func(Object(Closure), Object(Illuminate\Http\Request))
#36 /home/pi/code/mushroom/vendor/laravel/framework/src/Illuminate/Foundation/Http/Kernel.php(111): Illuminate\Pipeline\Pipeline->then(Object(Closure))
#37 /home/pi/code/mushroom/vendor/laravel/framework/src/Illuminate/Foundation/Http/Kernel.php(84): Illuminate\Foundation\Http\Kernel->sendRequestThroughRouter(Object(Illuminate\Http\Request))
#38 /home/pi/code/mushroom/public/index.php(54): Illuminate\Foundation\Http\Kernel->handle(Object(Illuminate\Http\Request))
#39 {main}  
[2015-08-27 16:13:12] local.ERROR: exception 'ErrorException' with message 'Undefined index: step' in /home/pi/code/mushroom/app/Http/Controllers/IndexController.php:253
Stack trace:
#0 /home/pi/code/mushroom/app/Http/Controllers/IndexController.php(253): Illuminate\Foundation\Bootstrap\HandleExceptions->handleError(8, 'Undefined index...', '/home/pi/code/m...', 253, Array)
#1 [internal function]: App\Http\Controllers\IndexController->getOrderdispatch()
#2 /home/pi/code/mushroom/vendor/laravel/framework/src/Illuminate/Routing/Controller.php(246): call_user_func_array(Array, Array)
#3 /home/pi/code/mushroom/vendor/laravel/framework/src/Illuminate/Routing/ControllerDispatcher.php(162): Illuminate\Routing\Controller->callAction('getOrderdispatc...', Array)
#4 /home/pi/code/mushroom/vendor/laravel/framework/src/Illuminate/Routing/ControllerDispatcher.php(107): Illuminate\Routing\ControllerDispatcher->call(Object(App\Http\Controllers\IndexController), Object(Illuminate\Routing\Route), 'getOrderdispatc...')
#5 [internal function]: Illuminate\Routing\ControllerDispatcher->Illuminate\Routing\{closure}(Object(Illuminate\Http\Request))
#6 /home/pi/code/mushroom/vendor/laravel/framework/src/Illuminate/Pipeline/Pipeline.php(141): call_user_func(Object(Closure), Object(Illuminate\Http\Request))
#7 [internal function]: Illuminate\Pipeline\Pipeline->Illuminate\Pipeline\{closure}(Object(Illuminate\Http\Request))
#8 /home/pi/code/mushroom/vendor/laravel/framework/src/Illuminate/Pipeline/Pipeline.php(101): call_user_func(Object(Closure), Object(Illuminate\Http\Request))
#9 /home/pi/code/mushroom/vendor/laravel/framework/src/Illuminate/Routing/ControllerDispatcher.php(108): Illuminate\Pipeline\Pipeline->then(Object(Closure))
#10 /home/pi/code/mushroom/vendor/laravel/framework/src/Illuminate/Routing/ControllerDispatcher.php(67): Illuminate\Routing\ControllerDispatcher->callWithinStack(Object(App\Http\Controllers\IndexController), Object(Illuminate\Routing\Route), Object(Illuminate\Http\Request), 'getOrderdispatc...')
#11 /home/pi/code/mushroom/vendor/laravel/framework/src/Illuminate/Routing/Route.php(198): Illuminate\Routing\ControllerDispatcher->dispatch(Object(Illuminate\Routing\Route), Object(Illuminate\Http\Request), 'App\\Http\\Contro...', 'getOrderdispatc...')
#12 /home/pi/code/mushroom/vendor/laravel/framework/src/Illuminate/Routing/Route.php(131): Illuminate\Routing\Route->runWithCustomDispatcher(Object(Illuminate\Http\Request))
#13 /home/pi/code/mushroom/vendor/laravel/framework/src/Illuminate/Routing/Router.php(691): Illuminate\Routing\Route->run(Object(Illuminate\Http\Request))
#14 [internal function]: Illuminate\Routing\Router->Illuminate\Routing\{closure}(Object(Illuminate\Http\Request))
#15 /home/pi/code/mushroom/vendor/laravel/framework/src/Illuminate/Pipeline/Pipeline.php(141): call_user_func(Object(Closure), Object(Illuminate\Http\Request))
#16 [internal function]: Illuminate\Pipeline\Pipeline->Illuminate\Pipeline\{closure}(Object(Illuminate\Http\Request))
#17 /home/pi/code/mushroom/vendor/laravel/framework/src/Illuminate/Pipeline/Pipeline.php(101): call_user_func(Object(Closure), Object(Illuminate\Http\Request))
#18 /home/pi/code/mushroom/vendor/laravel/framework/src/Illuminate/Routing/Router.php(693): Illuminate\Pipeline\Pipeline->then(Object(Closure))
#19 /home/pi/code/mushroom/vendor/laravel/framework/src/Illuminate/Routing/Router.php(660): Illuminate\Routing\Router->runRouteWithinStack(Object(Illuminate\Routing\Route), Object(Illuminate\Http\Request))
#20 /home/pi/code/mushroom/vendor/laravel/framework/src/Illuminate/Routing/Router.php(618): Illuminate\Routing\Router->dispatchToRoute(Object(Illuminate\Http\Request))
#21 /home/pi/code/mushroom/vendor/laravel/framework/src/Illuminate/Foundation/Http/Kernel.php(210): Illuminate\Routing\Router->dispatch(Object(Illuminate\Http\Request))
#22 [internal function]: Illuminate\Foundation\Http\Kernel->Illuminate\Foundation\Http\{closure}(Object(Illuminate\Http\Request))
#23 /home/pi/code/mushroom/vendor/laravel/framework/src/Illuminate/Pipeline/Pipeline.php(141): call_user_func(Object(Closure), Object(Illuminate\Http\Request))
#24 /home/pi/code/mushroom/vendor/laravel/framework/src/Illuminate/View/Middleware/ShareErrorsFromSession.php(55): Illuminate\Pipeline\Pipeline->Illuminate\Pipeline\{closure}(Object(Illuminate\Http\Request))
#25 /home/pi/code/mushroom/vendor/laravel/framework/src/Illuminate/Pipeline/Pipeline.php(125): Illuminate\View\Middleware\ShareErrorsFromSession->handle(Object(Illuminate\Http\Request), Object(Closure))
#26 /home/pi/code/mushroom/vendor/laravel/framework/src/Illuminate/Session/Middleware/StartSession.php(61): Illuminate\Pipeline\Pipeline->Illuminate\Pipeline\{closure}(Object(Illuminate\Http\Request))
#27 /home/pi/code/mushroom/vendor/laravel/framework/src/Illuminate/Pipeline/Pipeline.php(125): Illuminate\Session\Middleware\StartSession->handle(Object(Illuminate\Http\Request), Object(Closure))
#28 /home/pi/code/mushroom/vendor/laravel/framework/src/Illuminate/Cookie/Middleware/AddQueuedCookiesToResponse.php(36): Illuminate\Pipeline\Pipeline->Illuminate\Pipeline\{closure}(Object(Illuminate\Http\Request))
#29 /home/pi/code/mushroom/vendor/laravel/framework/src/Illuminate/Pipeline/Pipeline.php(125): Illuminate\Cookie\Middleware\AddQueuedCookiesToResponse->handle(Object(Illuminate\Http\Request), Object(Closure))
#30 /home/pi/code/mushroom/vendor/laravel/framework/src/Illuminate/Cookie/Middleware/EncryptCookies.php(40): Illuminate\Pipeline\Pipeline->Illuminate\Pipeline\{closure}(Object(Illuminate\Http\Request))
#31 /home/pi/code/mushroom/vendor/laravel/framework/src/Illuminate/Pipeline/Pipeline.php(125): Illuminate\Cookie\Middleware\EncryptCookies->handle(Object(Illuminate\Http\Request), Object(Closure))
#32 /home/pi/code/mushroom/vendor/laravel/framework/src/Illuminate/Foundation/Http/Middleware/CheckForMaintenanceMode.php(42): Illuminate\Pipeline\Pipeline->Illuminate\Pipeline\{closure}(Object(Illuminate\Http\Request))
#33 /home/pi/code/mushroom/vendor/laravel/framework/src/Illuminate/Pipeline/Pipeline.php(125): Illuminate\Foundation\Http\Middleware\CheckForMaintenanceMode->handle(Object(Illuminate\Http\Request), Object(Closure))
#34 [internal function]: Illuminate\Pipeline\Pipeline->Illuminate\Pipeline\{closure}(Object(Illuminate\Http\Request))
#35 /home/pi/code/mushroom/vendor/laravel/framework/src/Illuminate/Pipeline/Pipeline.php(101): call_user_func(Object(Closure), Object(Illuminate\Http\Request))
#36 /home/pi/code/mushroom/vendor/laravel/framework/src/Illuminate/Foundation/Http/Kernel.php(111): Illuminate\Pipeline\Pipeline->then(Object(Closure))
#37 /home/pi/code/mushroom/vendor/laravel/framework/src/Illuminate/Foundation/Http/Kernel.php(84): Illuminate\Foundation\Http\Kernel->sendRequestThroughRouter(Object(Illuminate\Http\Request))
#38 /home/pi/code/mushroom/public/index.php(54): Illuminate\Foundation\Http\Kernel->handle(Object(Illuminate\Http\Request))
#39 {main}  
[2015-08-27 16:13:16] local.ERROR: exception 'ErrorException' with message 'Undefined index: step' in /home/pi/code/mushroom/app/Http/Controllers/IndexController.php:253
Stack trace:
#0 /home/pi/code/mushroom/app/Http/Controllers/IndexController.php(253): Illuminate\Foundation\Bootstrap\HandleExceptions->handleError(8, 'Undefined index...', '/home/pi/code/m...', 253, Array)
#1 [internal function]: App\Http\Controllers\IndexController->getOrderdispatch()
#2 /home/pi/code/mushroom/vendor/laravel/framework/src/Illuminate/Routing/Controller.php(246): call_user_func_array(Array, Array)
#3 /home/pi/code/mushroom/vendor/laravel/framework/src/Illuminate/Routing/ControllerDispatcher.php(162): Illuminate\Routing\Controller->callAction('getOrderdispatc...', Array)
#4 /home/pi/code/mushroom/vendor/laravel/framework/src/Illuminate/Routing/ControllerDispatcher.php(107): Illuminate\Routing\ControllerDispatcher->call(Object(App\Http\Controllers\IndexController), Object(Illuminate\Routing\Route), 'getOrderdispatc...')
#5 [internal function]: Illuminate\Routing\ControllerDispatcher->Illuminate\Routing\{closure}(Object(Illuminate\Http\Request))
#6 /home/pi/code/mushroom/vendor/laravel/framework/src/Illuminate/Pipeline/Pipeline.php(141): call_user_func(Object(Closure), Object(Illuminate\Http\Request))
#7 [internal function]: Illuminate\Pipeline\Pipeline->Illuminate\Pipeline\{closure}(Object(Illuminate\Http\Request))
#8 /home/pi/code/mushroom/vendor/laravel/framework/src/Illuminate/Pipeline/Pipeline.php(101): call_user_func(Object(Closure), Object(Illuminate\Http\Request))
#9 /home/pi/code/mushroom/vendor/laravel/framework/src/Illuminate/Routing/ControllerDispatcher.php(108): Illuminate\Pipeline\Pipeline->then(Object(Closure))
#10 /home/pi/code/mushroom/vendor/laravel/framework/src/Illuminate/Routing/ControllerDispatcher.php(67): Illuminate\Routing\ControllerDispatcher->callWithinStack(Object(App\Http\Controllers\IndexController), Object(Illuminate\Routing\Route), Object(Illuminate\Http\Request), 'getOrderdispatc...')
#11 /home/pi/code/mushroom/vendor/laravel/framework/src/Illuminate/Routing/Route.php(198): Illuminate\Routing\ControllerDispatcher->dispatch(Object(Illuminate\Routing\Route), Object(Illuminate\Http\Request), 'App\\Http\\Contro...', 'getOrderdispatc...')
#12 /home/pi/code/mushroom/vendor/laravel/framework/src/Illuminate/Routing/Route.php(131): Illuminate\Routing\Route->runWithCustomDispatcher(Object(Illuminate\Http\Request))
#13 /home/pi/code/mushroom/vendor/laravel/framework/src/Illuminate/Routing/Router.php(691): Illuminate\Routing\Route->run(Object(Illuminate\Http\Request))
#14 [internal function]: Illuminate\Routing\Router->Illuminate\Routing\{closure}(Object(Illuminate\Http\Request))
#15 /home/pi/code/mushroom/vendor/laravel/framework/src/Illuminate/Pipeline/Pipeline.php(141): call_user_func(Object(Closure), Object(Illuminate\Http\Request))
#16 [internal function]: Illuminate\Pipeline\Pipeline->Illuminate\Pipeline\{closure}(Object(Illuminate\Http\Request))
#17 /home/pi/code/mushroom/vendor/laravel/framework/src/Illuminate/Pipeline/Pipeline.php(101): call_user_func(Object(Closure), Object(Illuminate\Http\Request))
#18 /home/pi/code/mushroom/vendor/laravel/framework/src/Illuminate/Routing/Router.php(693): Illuminate\Pipeline\Pipeline->then(Object(Closure))
#19 /home/pi/code/mushroom/vendor/laravel/framework/src/Illuminate/Routing/Router.php(660): Illuminate\Routing\Router->runRouteWithinStack(Object(Illuminate\Routing\Route), Object(Illuminate\Http\Request))
#20 /home/pi/code/mushroom/vendor/laravel/framework/src/Illuminate/Routing/Router.php(618): Illuminate\Routing\Router->dispatchToRoute(Object(Illuminate\Http\Request))
#21 /home/pi/code/mushroom/vendor/laravel/framework/src/Illuminate/Foundation/Http/Kernel.php(210): Illuminate\Routing\Router->dispatch(Object(Illuminate\Http\Request))
#22 [internal function]: Illuminate\Foundation\Http\Kernel->Illuminate\Foundation\Http\{closure}(Object(Illuminate\Http\Request))
#23 /home/pi/code/mushroom/vendor/laravel/framework/src/Illuminate/Pipeline/Pipeline.php(141): call_user_func(Object(Closure), Object(Illuminate\Http\Request))
#24 /home/pi/code/mushroom/vendor/laravel/framework/src/Illuminate/View/Middleware/ShareErrorsFromSession.php(55): Illuminate\Pipeline\Pipeline->Illuminate\Pipeline\{closure}(Object(Illuminate\Http\Request))
#25 /home/pi/code/mushroom/vendor/laravel/framework/src/Illuminate/Pipeline/Pipeline.php(125): Illuminate\View\Middleware\ShareErrorsFromSession->handle(Object(Illuminate\Http\Request), Object(Closure))
#26 /home/pi/code/mushroom/vendor/laravel/framework/src/Illuminate/Session/Middleware/StartSession.php(61): Illuminate\Pipeline\Pipeline->Illuminate\Pipeline\{closure}(Object(Illuminate\Http\Request))
#27 /home/pi/code/mushroom/vendor/laravel/framework/src/Illuminate/Pipeline/Pipeline.php(125): Illuminate\Session\Middleware\StartSession->handle(Object(Illuminate\Http\Request), Object(Closure))
#28 /home/pi/code/mushroom/vendor/laravel/framework/src/Illuminate/Cookie/Middleware/AddQueuedCookiesToResponse.php(36): Illuminate\Pipeline\Pipeline->Illuminate\Pipeline\{closure}(Object(Illuminate\Http\Request))
#29 /home/pi/code/mushroom/vendor/laravel/framework/src/Illuminate/Pipeline/Pipeline.php(125): Illuminate\Cookie\Middleware\AddQueuedCookiesToResponse->handle(Object(Illuminate\Http\Request), Object(Closure))
#30 /home/pi/code/mushroom/vendor/laravel/framework/src/Illuminate/Cookie/Middleware/EncryptCookies.php(40): Illuminate\Pipeline\Pipeline->Illuminate\Pipeline\{closure}(Object(Illuminate\Http\Request))
#31 /home/pi/code/mushroom/vendor/laravel/framework/src/Illuminate/Pipeline/Pipeline.php(125): Illuminate\Cookie\Middleware\EncryptCookies->handle(Object(Illuminate\Http\Request), Object(Closure))
#32 /home/pi/code/mushroom/vendor/laravel/framework/src/Illuminate/Foundation/Http/Middleware/CheckForMaintenanceMode.php(42): Illuminate\Pipeline\Pipeline->Illuminate\Pipeline\{closure}(Object(Illuminate\Http\Request))
#33 /home/pi/code/mushroom/vendor/laravel/framework/src/Illuminate/Pipeline/Pipeline.php(125): Illuminate\Foundation\Http\Middleware\CheckForMaintenanceMode->handle(Object(Illuminate\Http\Request), Object(Closure))
#34 [internal function]: Illuminate\Pipeline\Pipeline->Illuminate\Pipeline\{closure}(Object(Illuminate\Http\Request))
#35 /home/pi/code/mushroom/vendor/laravel/framework/src/Illuminate/Pipeline/Pipeline.php(101): call_user_func(Object(Closure), Object(Illuminate\Http\Request))
#36 /home/pi/code/mushroom/vendor/laravel/framework/src/Illuminate/Foundation/Http/Kernel.php(111): Illuminate\Pipeline\Pipeline->then(Object(Closure))
#37 /home/pi/code/mushroom/vendor/laravel/framework/src/Illuminate/Foundation/Http/Kernel.php(84): Illuminate\Foundation\Http\Kernel->sendRequestThroughRouter(Object(Illuminate\Http\Request))
#38 /home/pi/code/mushroom/public/index.php(54): Illuminate\Foundation\Http\Kernel->handle(Object(Illuminate\Http\Request))
#39 {main}  
[2015-08-27 16:13:51] local.ERROR: exception 'ErrorException' with message 'Undefined index: step' in /home/pi/code/mushroom/app/Http/Controllers/IndexController.php:253
Stack trace:
#0 /home/pi/code/mushroom/app/Http/Controllers/IndexController.php(253): Illuminate\Foundation\Bootstrap\HandleExceptions->handleError(8, 'Undefined index...', '/home/pi/code/m...', 253, Array)
#1 [internal function]: App\Http\Controllers\IndexController->getOrderdispatch()
#2 /home/pi/code/mushroom/vendor/laravel/framework/src/Illuminate/Routing/Controller.php(246): call_user_func_array(Array, Array)
#3 /home/pi/code/mushroom/vendor/laravel/framework/src/Illuminate/Routing/ControllerDispatcher.php(162): Illuminate\Routing\Controller->callAction('getOrderdispatc...', Array)
#4 /home/pi/code/mushroom/vendor/laravel/framework/src/Illuminate/Routing/ControllerDispatcher.php(107): Illuminate\Routing\ControllerDispatcher->call(Object(App\Http\Controllers\IndexController), Object(Illuminate\Routing\Route), 'getOrderdispatc...')
#5 [internal function]: Illuminate\Routing\ControllerDispatcher->Illuminate\Routing\{closure}(Object(Illuminate\Http\Request))
#6 /home/pi/code/mushroom/vendor/laravel/framework/src/Illuminate/Pipeline/Pipeline.php(141): call_user_func(Object(Closure), Object(Illuminate\Http\Request))
#7 [internal function]: Illuminate\Pipeline\Pipeline->Illuminate\Pipeline\{closure}(Object(Illuminate\Http\Request))
#8 /home/pi/code/mushroom/vendor/laravel/framework/src/Illuminate/Pipeline/Pipeline.php(101): call_user_func(Object(Closure), Object(Illuminate\Http\Request))
#9 /home/pi/code/mushroom/vendor/laravel/framework/src/Illuminate/Routing/ControllerDispatcher.php(108): Illuminate\Pipeline\Pipeline->then(Object(Closure))
#10 /home/pi/code/mushroom/vendor/laravel/framework/src/Illuminate/Routing/ControllerDispatcher.php(67): Illuminate\Routing\ControllerDispatcher->callWithinStack(Object(App\Http\Controllers\IndexController), Object(Illuminate\Routing\Route), Object(Illuminate\Http\Request), 'getOrderdispatc...')
#11 /home/pi/code/mushroom/vendor/laravel/framework/src/Illuminate/Routing/Route.php(198): Illuminate\Routing\ControllerDispatcher->dispatch(Object(Illuminate\Routing\Route), Object(Illuminate\Http\Request), 'App\\Http\\Contro...', 'getOrderdispatc...')
#12 /home/pi/code/mushroom/vendor/laravel/framework/src/Illuminate/Routing/Route.php(131): Illuminate\Routing\Route->runWithCustomDispatcher(Object(Illuminate\Http\Request))
#13 /home/pi/code/mushroom/vendor/laravel/framework/src/Illuminate/Routing/Router.php(691): Illuminate\Routing\Route->run(Object(Illuminate\Http\Request))
#14 [internal function]: Illuminate\Routing\Router->Illuminate\Routing\{closure}(Object(Illuminate\Http\Request))
#15 /home/pi/code/mushroom/vendor/laravel/framework/src/Illuminate/Pipeline/Pipeline.php(141): call_user_func(Object(Closure), Object(Illuminate\Http\Request))
#16 [internal function]: Illuminate\Pipeline\Pipeline->Illuminate\Pipeline\{closure}(Object(Illuminate\Http\Request))
#17 /home/pi/code/mushroom/vendor/laravel/framework/src/Illuminate/Pipeline/Pipeline.php(101): call_user_func(Object(Closure), Object(Illuminate\Http\Request))
#18 /home/pi/code/mushroom/vendor/laravel/framework/src/Illuminate/Routing/Router.php(693): Illuminate\Pipeline\Pipeline->then(Object(Closure))
#19 /home/pi/code/mushroom/vendor/laravel/framework/src/Illuminate/Routing/Router.php(660): Illuminate\Routing\Router->runRouteWithinStack(Object(Illuminate\Routing\Route), Object(Illuminate\Http\Request))
#20 /home/pi/code/mushroom/vendor/laravel/framework/src/Illuminate/Routing/Router.php(618): Illuminate\Routing\Router->dispatchToRoute(Object(Illuminate\Http\Request))
#21 /home/pi/code/mushroom/vendor/laravel/framework/src/Illuminate/Foundation/Http/Kernel.php(210): Illuminate\Routing\Router->dispatch(Object(Illuminate\Http\Request))
#22 [internal function]: Illuminate\Foundation\Http\Kernel->Illuminate\Foundation\Http\{closure}(Object(Illuminate\Http\Request))
#23 /home/pi/code/mushroom/vendor/laravel/framework/src/Illuminate/Pipeline/Pipeline.php(141): call_user_func(Object(Closure), Object(Illuminate\Http\Request))
#24 /home/pi/code/mushroom/vendor/laravel/framework/src/Illuminate/View/Middleware/ShareErrorsFromSession.php(55): Illuminate\Pipeline\Pipeline->Illuminate\Pipeline\{closure}(Object(Illuminate\Http\Request))
#25 /home/pi/code/mushroom/vendor/laravel/framework/src/Illuminate/Pipeline/Pipeline.php(125): Illuminate\View\Middleware\ShareErrorsFromSession->handle(Object(Illuminate\Http\Request), Object(Closure))
#26 /home/pi/code/mushroom/vendor/laravel/framework/src/Illuminate/Session/Middleware/StartSession.php(61): Illuminate\Pipeline\Pipeline->Illuminate\Pipeline\{closure}(Object(Illuminate\Http\Request))
#27 /home/pi/code/mushroom/vendor/laravel/framework/src/Illuminate/Pipeline/Pipeline.php(125): Illuminate\Session\Middleware\StartSession->handle(Object(Illuminate\Http\Request), Object(Closure))
#28 /home/pi/code/mushroom/vendor/laravel/framework/src/Illuminate/Cookie/Middleware/AddQueuedCookiesToResponse.php(36): Illuminate\Pipeline\Pipeline->Illuminate\Pipeline\{closure}(Object(Illuminate\Http\Request))
#29 /home/pi/code/mushroom/vendor/laravel/framework/src/Illuminate/Pipeline/Pipeline.php(125): Illuminate\Cookie\Middleware\AddQueuedCookiesToResponse->handle(Object(Illuminate\Http\Request), Object(Closure))
#30 /home/pi/code/mushroom/vendor/laravel/framework/src/Illuminate/Cookie/Middleware/EncryptCookies.php(40): Illuminate\Pipeline\Pipeline->Illuminate\Pipeline\{closure}(Object(Illuminate\Http\Request))
#31 /home/pi/code/mushroom/vendor/laravel/framework/src/Illuminate/Pipeline/Pipeline.php(125): Illuminate\Cookie\Middleware\EncryptCookies->handle(Object(Illuminate\Http\Request), Object(Closure))
#32 /home/pi/code/mushroom/vendor/laravel/framework/src/Illuminate/Foundation/Http/Middleware/CheckForMaintenanceMode.php(42): Illuminate\Pipeline\Pipeline->Illuminate\Pipeline\{closure}(Object(Illuminate\Http\Request))
#33 /home/pi/code/mushroom/vendor/laravel/framework/src/Illuminate/Pipeline/Pipeline.php(125): Illuminate\Foundation\Http\Middleware\CheckForMaintenanceMode->handle(Object(Illuminate\Http\Request), Object(Closure))
#34 [internal function]: Illuminate\Pipeline\Pipeline->Illuminate\Pipeline\{closure}(Object(Illuminate\Http\Request))
#35 /home/pi/code/mushroom/vendor/laravel/framework/src/Illuminate/Pipeline/Pipeline.php(101): call_user_func(Object(Closure), Object(Illuminate\Http\Request))
#36 /home/pi/code/mushroom/vendor/laravel/framework/src/Illuminate/Foundation/Http/Kernel.php(111): Illuminate\Pipeline\Pipeline->then(Object(Closure))
#37 /home/pi/code/mushroom/vendor/laravel/framework/src/Illuminate/Foundation/Http/Kernel.php(84): Illuminate\Foundation\Http\Kernel->sendRequestThroughRouter(Object(Illuminate\Http\Request))
#38 /home/pi/code/mushroom/public/index.php(54): Illuminate\Foundation\Http\Kernel->handle(Object(Illuminate\Http\Request))
#39 {main}  
[2015-08-27 16:13:53] local.ERROR: exception 'ErrorException' with message 'Undefined index: step' in /home/pi/code/mushroom/app/Http/Controllers/IndexController.php:253
Stack trace:
#0 /home/pi/code/mushroom/app/Http/Controllers/IndexController.php(253): Illuminate\Foundation\Bootstrap\HandleExceptions->handleError(8, 'Undefined index...', '/home/pi/code/m...', 253, Array)
#1 [internal function]: App\Http\Controllers\IndexController->getOrderdispatch()
#2 /home/pi/code/mushroom/vendor/laravel/framework/src/Illuminate/Routing/Controller.php(246): call_user_func_array(Array, Array)
#3 /home/pi/code/mushroom/vendor/laravel/framework/src/Illuminate/Routing/ControllerDispatcher.php(162): Illuminate\Routing\Controller->callAction('getOrderdispatc...', Array)
#4 /home/pi/code/mushroom/vendor/laravel/framework/src/Illuminate/Routing/ControllerDispatcher.php(107): Illuminate\Routing\ControllerDispatcher->call(Object(App\Http\Controllers\IndexController), Object(Illuminate\Routing\Route), 'getOrderdispatc...')
#5 [internal function]: Illuminate\Routing\ControllerDispatcher->Illuminate\Routing\{closure}(Object(Illuminate\Http\Request))
#6 /home/pi/code/mushroom/vendor/laravel/framework/src/Illuminate/Pipeline/Pipeline.php(141): call_user_func(Object(Closure), Object(Illuminate\Http\Request))
#7 [internal function]: Illuminate\Pipeline\Pipeline->Illuminate\Pipeline\{closure}(Object(Illuminate\Http\Request))
#8 /home/pi/code/mushroom/vendor/laravel/framework/src/Illuminate/Pipeline/Pipeline.php(101): call_user_func(Object(Closure), Object(Illuminate\Http\Request))
#9 /home/pi/code/mushroom/vendor/laravel/framework/src/Illuminate/Routing/ControllerDispatcher.php(108): Illuminate\Pipeline\Pipeline->then(Object(Closure))
#10 /home/pi/code/mushroom/vendor/laravel/framework/src/Illuminate/Routing/ControllerDispatcher.php(67): Illuminate\Routing\ControllerDispatcher->callWithinStack(Object(App\Http\Controllers\IndexController), Object(Illuminate\Routing\Route), Object(Illuminate\Http\Request), 'getOrderdispatc...')
#11 /home/pi/code/mushroom/vendor/laravel/framework/src/Illuminate/Routing/Route.php(198): Illuminate\Routing\ControllerDispatcher->dispatch(Object(Illuminate\Routing\Route), Object(Illuminate\Http\Request), 'App\\Http\\Contro...', 'getOrderdispatc...')
#12 /home/pi/code/mushroom/vendor/laravel/framework/src/Illuminate/Routing/Route.php(131): Illuminate\Routing\Route->runWithCustomDispatcher(Object(Illuminate\Http\Request))
#13 /home/pi/code/mushroom/vendor/laravel/framework/src/Illuminate/Routing/Router.php(691): Illuminate\Routing\Route->run(Object(Illuminate\Http\Request))
#14 [internal function]: Illuminate\Routing\Router->Illuminate\Routing\{closure}(Object(Illuminate\Http\Request))
#15 /home/pi/code/mushroom/vendor/laravel/framework/src/Illuminate/Pipeline/Pipeline.php(141): call_user_func(Object(Closure), Object(Illuminate\Http\Request))
#16 [internal function]: Illuminate\Pipeline\Pipeline->Illuminate\Pipeline\{closure}(Object(Illuminate\Http\Request))
#17 /home/pi/code/mushroom/vendor/laravel/framework/src/Illuminate/Pipeline/Pipeline.php(101): call_user_func(Object(Closure), Object(Illuminate\Http\Request))
#18 /home/pi/code/mushroom/vendor/laravel/framework/src/Illuminate/Routing/Router.php(693): Illuminate\Pipeline\Pipeline->then(Object(Closure))
#19 /home/pi/code/mushroom/vendor/laravel/framework/src/Illuminate/Routing/Router.php(660): Illuminate\Routing\Router->runRouteWithinStack(Object(Illuminate\Routing\Route), Object(Illuminate\Http\Request))
#20 /home/pi/code/mushroom/vendor/laravel/framework/src/Illuminate/Routing/Router.php(618): Illuminate\Routing\Router->dispatchToRoute(Object(Illuminate\Http\Request))
#21 /home/pi/code/mushroom/vendor/laravel/framework/src/Illuminate/Foundation/Http/Kernel.php(210): Illuminate\Routing\Router->dispatch(Object(Illuminate\Http\Request))
#22 [internal function]: Illuminate\Foundation\Http\Kernel->Illuminate\Foundation\Http\{closure}(Object(Illuminate\Http\Request))
#23 /home/pi/code/mushroom/vendor/laravel/framework/src/Illuminate/Pipeline/Pipeline.php(141): call_user_func(Object(Closure), Object(Illuminate\Http\Request))
#24 /home/pi/code/mushroom/vendor/laravel/framework/src/Illuminate/View/Middleware/ShareErrorsFromSession.php(55): Illuminate\Pipeline\Pipeline->Illuminate\Pipeline\{closure}(Object(Illuminate\Http\Request))
#25 /home/pi/code/mushroom/vendor/laravel/framework/src/Illuminate/Pipeline/Pipeline.php(125): Illuminate\View\Middleware\ShareErrorsFromSession->handle(Object(Illuminate\Http\Request), Object(Closure))
#26 /home/pi/code/mushroom/vendor/laravel/framework/src/Illuminate/Session/Middleware/StartSession.php(61): Illuminate\Pipeline\Pipeline->Illuminate\Pipeline\{closure}(Object(Illuminate\Http\Request))
#27 /home/pi/code/mushroom/vendor/laravel/framework/src/Illuminate/Pipeline/Pipeline.php(125): Illuminate\Session\Middleware\StartSession->handle(Object(Illuminate\Http\Request), Object(Closure))
#28 /home/pi/code/mushroom/vendor/laravel/framework/src/Illuminate/Cookie/Middleware/AddQueuedCookiesToResponse.php(36): Illuminate\Pipeline\Pipeline->Illuminate\Pipeline\{closure}(Object(Illuminate\Http\Request))
#29 /home/pi/code/mushroom/vendor/laravel/framework/src/Illuminate/Pipeline/Pipeline.php(125): Illuminate\Cookie\Middleware\AddQueuedCookiesToResponse->handle(Object(Illuminate\Http\Request), Object(Closure))
#30 /home/pi/code/mushroom/vendor/laravel/framework/src/Illuminate/Cookie/Middleware/EncryptCookies.php(40): Illuminate\Pipeline\Pipeline->Illuminate\Pipeline\{closure}(Object(Illuminate\Http\Request))
#31 /home/pi/code/mushroom/vendor/laravel/framework/src/Illuminate/Pipeline/Pipeline.php(125): Illuminate\Cookie\Middleware\EncryptCookies->handle(Object(Illuminate\Http\Request), Object(Closure))
#32 /home/pi/code/mushroom/vendor/laravel/framework/src/Illuminate/Foundation/Http/Middleware/CheckForMaintenanceMode.php(42): Illuminate\Pipeline\Pipeline->Illuminate\Pipeline\{closure}(Object(Illuminate\Http\Request))
#33 /home/pi/code/mushroom/vendor/laravel/framework/src/Illuminate/Pipeline/Pipeline.php(125): Illuminate\Foundation\Http\Middleware\CheckForMaintenanceMode->handle(Object(Illuminate\Http\Request), Object(Closure))
#34 [internal function]: Illuminate\Pipeline\Pipeline->Illuminate\Pipeline\{closure}(Object(Illuminate\Http\Request))
#35 /home/pi/code/mushroom/vendor/laravel/framework/src/Illuminate/Pipeline/Pipeline.php(101): call_user_func(Object(Closure), Object(Illuminate\Http\Request))
#36 /home/pi/code/mushroom/vendor/laravel/framework/src/Illuminate/Foundation/Http/Kernel.php(111): Illuminate\Pipeline\Pipeline->then(Object(Closure))
#37 /home/pi/code/mushroom/vendor/laravel/framework/src/Illuminate/Foundation/Http/Kernel.php(84): Illuminate\Foundation\Http\Kernel->sendRequestThroughRouter(Object(Illuminate\Http\Request))
#38 /home/pi/code/mushroom/public/index.php(54): Illuminate\Foundation\Http\Kernel->handle(Object(Illuminate\Http\Request))
#39 {main}  
[2015-08-27 16:14:56] local.ERROR: exception 'ErrorException' with message 'Undefined index: step' in /home/pi/code/mushroom/app/Http/Controllers/IndexController.php:253
Stack trace:
#0 /home/pi/code/mushroom/app/Http/Controllers/IndexController.php(253): Illuminate\Foundation\Bootstrap\HandleExceptions->handleError(8, 'Undefined index...', '/home/pi/code/m...', 253, Array)
#1 [internal function]: App\Http\Controllers\IndexController->getOrderdispatch()
#2 /home/pi/code/mushroom/vendor/laravel/framework/src/Illuminate/Routing/Controller.php(246): call_user_func_array(Array, Array)
#3 /home/pi/code/mushroom/vendor/laravel/framework/src/Illuminate/Routing/ControllerDispatcher.php(162): Illuminate\Routing\Controller->callAction('getOrderdispatc...', Array)
#4 /home/pi/code/mushroom/vendor/laravel/framework/src/Illuminate/Routing/ControllerDispatcher.php(107): Illuminate\Routing\ControllerDispatcher->call(Object(App\Http\Controllers\IndexController), Object(Illuminate\Routing\Route), 'getOrderdispatc...')
#5 [internal function]: Illuminate\Routing\ControllerDispatcher->Illuminate\Routing\{closure}(Object(Illuminate\Http\Request))
#6 /home/pi/code/mushroom/vendor/laravel/framework/src/Illuminate/Pipeline/Pipeline.php(141): call_user_func(Object(Closure), Object(Illuminate\Http\Request))
#7 [internal function]: Illuminate\Pipeline\Pipeline->Illuminate\Pipeline\{closure}(Object(Illuminate\Http\Request))
#8 /home/pi/code/mushroom/vendor/laravel/framework/src/Illuminate/Pipeline/Pipeline.php(101): call_user_func(Object(Closure), Object(Illuminate\Http\Request))
#9 /home/pi/code/mushroom/vendor/laravel/framework/src/Illuminate/Routing/ControllerDispatcher.php(108): Illuminate\Pipeline\Pipeline->then(Object(Closure))
#10 /home/pi/code/mushroom/vendor/laravel/framework/src/Illuminate/Routing/ControllerDispatcher.php(67): Illuminate\Routing\ControllerDispatcher->callWithinStack(Object(App\Http\Controllers\IndexController), Object(Illuminate\Routing\Route), Object(Illuminate\Http\Request), 'getOrderdispatc...')
#11 /home/pi/code/mushroom/vendor/laravel/framework/src/Illuminate/Routing/Route.php(198): Illuminate\Routing\ControllerDispatcher->dispatch(Object(Illuminate\Routing\Route), Object(Illuminate\Http\Request), 'App\\Http\\Contro...', 'getOrderdispatc...')
#12 /home/pi/code/mushroom/vendor/laravel/framework/src/Illuminate/Routing/Route.php(131): Illuminate\Routing\Route->runWithCustomDispatcher(Object(Illuminate\Http\Request))
#13 /home/pi/code/mushroom/vendor/laravel/framework/src/Illuminate/Routing/Router.php(691): Illuminate\Routing\Route->run(Object(Illuminate\Http\Request))
#14 [internal function]: Illuminate\Routing\Router->Illuminate\Routing\{closure}(Object(Illuminate\Http\Request))
#15 /home/pi/code/mushroom/vendor/laravel/framework/src/Illuminate/Pipeline/Pipeline.php(141): call_user_func(Object(Closure), Object(Illuminate\Http\Request))
#16 [internal function]: Illuminate\Pipeline\Pipeline->Illuminate\Pipeline\{closure}(Object(Illuminate\Http\Request))
#17 /home/pi/code/mushroom/vendor/laravel/framework/src/Illuminate/Pipeline/Pipeline.php(101): call_user_func(Object(Closure), Object(Illuminate\Http\Request))
#18 /home/pi/code/mushroom/vendor/laravel/framework/src/Illuminate/Routing/Router.php(693): Illuminate\Pipeline\Pipeline->then(Object(Closure))
#19 /home/pi/code/mushroom/vendor/laravel/framework/src/Illuminate/Routing/Router.php(660): Illuminate\Routing\Router->runRouteWithinStack(Object(Illuminate\Routing\Route), Object(Illuminate\Http\Request))
#20 /home/pi/code/mushroom/vendor/laravel/framework/src/Illuminate/Routing/Router.php(618): Illuminate\Routing\Router->dispatchToRoute(Object(Illuminate\Http\Request))
#21 /home/pi/code/mushroom/vendor/laravel/framework/src/Illuminate/Foundation/Http/Kernel.php(210): Illuminate\Routing\Router->dispatch(Object(Illuminate\Http\Request))
#22 [internal function]: Illuminate\Foundation\Http\Kernel->Illuminate\Foundation\Http\{closure}(Object(Illuminate\Http\Request))
#23 /home/pi/code/mushroom/vendor/laravel/framework/src/Illuminate/Pipeline/Pipeline.php(141): call_user_func(Object(Closure), Object(Illuminate\Http\Request))
#24 /home/pi/code/mushroom/vendor/laravel/framework/src/Illuminate/View/Middleware/ShareErrorsFromSession.php(55): Illuminate\Pipeline\Pipeline->Illuminate\Pipeline\{closure}(Object(Illuminate\Http\Request))
#25 /home/pi/code/mushroom/vendor/laravel/framework/src/Illuminate/Pipeline/Pipeline.php(125): Illuminate\View\Middleware\ShareErrorsFromSession->handle(Object(Illuminate\Http\Request), Object(Closure))
#26 /home/pi/code/mushroom/vendor/laravel/framework/src/Illuminate/Session/Middleware/StartSession.php(61): Illuminate\Pipeline\Pipeline->Illuminate\Pipeline\{closure}(Object(Illuminate\Http\Request))
#27 /home/pi/code/mushroom/vendor/laravel/framework/src/Illuminate/Pipeline/Pipeline.php(125): Illuminate\Session\Middleware\StartSession->handle(Object(Illuminate\Http\Request), Object(Closure))
#28 /home/pi/code/mushroom/vendor/laravel/framework/src/Illuminate/Cookie/Middleware/AddQueuedCookiesToResponse.php(36): Illuminate\Pipeline\Pipeline->Illuminate\Pipeline\{closure}(Object(Illuminate\Http\Request))
#29 /home/pi/code/mushroom/vendor/laravel/framework/src/Illuminate/Pipeline/Pipeline.php(125): Illuminate\Cookie\Middleware\AddQueuedCookiesToResponse->handle(Object(Illuminate\Http\Request), Object(Closure))
#30 /home/pi/code/mushroom/vendor/laravel/framework/src/Illuminate/Cookie/Middleware/EncryptCookies.php(40): Illuminate\Pipeline\Pipeline->Illuminate\Pipeline\{closure}(Object(Illuminate\Http\Request))
#31 /home/pi/code/mushroom/vendor/laravel/framework/src/Illuminate/Pipeline/Pipeline.php(125): Illuminate\Cookie\Middleware\EncryptCookies->handle(Object(Illuminate\Http\Request), Object(Closure))
#32 /home/pi/code/mushroom/vendor/laravel/framework/src/Illuminate/Foundation/Http/Middleware/CheckForMaintenanceMode.php(42): Illuminate\Pipeline\Pipeline->Illuminate\Pipeline\{closure}(Object(Illuminate\Http\Request))
#33 /home/pi/code/mushroom/vendor/laravel/framework/src/Illuminate/Pipeline/Pipeline.php(125): Illuminate\Foundation\Http\Middleware\CheckForMaintenanceMode->handle(Object(Illuminate\Http\Request), Object(Closure))
#34 [internal function]: Illuminate\Pipeline\Pipeline->Illuminate\Pipeline\{closure}(Object(Illuminate\Http\Request))
#35 /home/pi/code/mushroom/vendor/laravel/framework/src/Illuminate/Pipeline/Pipeline.php(101): call_user_func(Object(Closure), Object(Illuminate\Http\Request))
#36 /home/pi/code/mushroom/vendor/laravel/framework/src/Illuminate/Foundation/Http/Kernel.php(111): Illuminate\Pipeline\Pipeline->then(Object(Closure))
#37 /home/pi/code/mushroom/vendor/laravel/framework/src/Illuminate/Foundation/Http/Kernel.php(84): Illuminate\Foundation\Http\Kernel->sendRequestThroughRouter(Object(Illuminate\Http\Request))
#38 /home/pi/code/mushroom/public/index.php(54): Illuminate\Foundation\Http\Kernel->handle(Object(Illuminate\Http\Request))
#39 {main}  
[2015-08-27 16:14:59] local.ERROR: exception 'ErrorException' with message 'Undefined index: step' in /home/pi/code/mushroom/app/Http/Controllers/IndexController.php:253
Stack trace:
#0 /home/pi/code/mushroom/app/Http/Controllers/IndexController.php(253): Illuminate\Foundation\Bootstrap\HandleExceptions->handleError(8, 'Undefined index...', '/home/pi/code/m...', 253, Array)
#1 [internal function]: App\Http\Controllers\IndexController->getOrderdispatch()
#2 /home/pi/code/mushroom/vendor/laravel/framework/src/Illuminate/Routing/Controller.php(246): call_user_func_array(Array, Array)
#3 /home/pi/code/mushroom/vendor/laravel/framework/src/Illuminate/Routing/ControllerDispatcher.php(162): Illuminate\Routing\Controller->callAction('getOrderdispatc...', Array)
#4 /home/pi/code/mushroom/vendor/laravel/framework/src/Illuminate/Routing/ControllerDispatcher.php(107): Illuminate\Routing\ControllerDispatcher->call(Object(App\Http\Controllers\IndexController), Object(Illuminate\Routing\Route), 'getOrderdispatc...')
#5 [internal function]: Illuminate\Routing\ControllerDispatcher->Illuminate\Routing\{closure}(Object(Illuminate\Http\Request))
#6 /home/pi/code/mushroom/vendor/laravel/framework/src/Illuminate/Pipeline/Pipeline.php(141): call_user_func(Object(Closure), Object(Illuminate\Http\Request))
#7 [internal function]: Illuminate\Pipeline\Pipeline->Illuminate\Pipeline\{closure}(Object(Illuminate\Http\Request))
#8 /home/pi/code/mushroom/vendor/laravel/framework/src/Illuminate/Pipeline/Pipeline.php(101): call_user_func(Object(Closure), Object(Illuminate\Http\Request))
#9 /home/pi/code/mushroom/vendor/laravel/framework/src/Illuminate/Routing/ControllerDispatcher.php(108): Illuminate\Pipeline\Pipeline->then(Object(Closure))
#10 /home/pi/code/mushroom/vendor/laravel/framework/src/Illuminate/Routing/ControllerDispatcher.php(67): Illuminate\Routing\ControllerDispatcher->callWithinStack(Object(App\Http\Controllers\IndexController), Object(Illuminate\Routing\Route), Object(Illuminate\Http\Request), 'getOrderdispatc...')
#11 /home/pi/code/mushroom/vendor/laravel/framework/src/Illuminate/Routing/Route.php(198): Illuminate\Routing\ControllerDispatcher->dispatch(Object(Illuminate\Routing\Route), Object(Illuminate\Http\Request), 'App\\Http\\Contro...', 'getOrderdispatc...')
#12 /home/pi/code/mushroom/vendor/laravel/framework/src/Illuminate/Routing/Route.php(131): Illuminate\Routing\Route->runWithCustomDispatcher(Object(Illuminate\Http\Request))
#13 /home/pi/code/mushroom/vendor/laravel/framework/src/Illuminate/Routing/Router.php(691): Illuminate\Routing\Route->run(Object(Illuminate\Http\Request))
#14 [internal function]: Illuminate\Routing\Router->Illuminate\Routing\{closure}(Object(Illuminate\Http\Request))
#15 /home/pi/code/mushroom/vendor/laravel/framework/src/Illuminate/Pipeline/Pipeline.php(141): call_user_func(Object(Closure), Object(Illuminate\Http\Request))
#16 [internal function]: Illuminate\Pipeline\Pipeline->Illuminate\Pipeline\{closure}(Object(Illuminate\Http\Request))
#17 /home/pi/code/mushroom/vendor/laravel/framework/src/Illuminate/Pipeline/Pipeline.php(101): call_user_func(Object(Closure), Object(Illuminate\Http\Request))
#18 /home/pi/code/mushroom/vendor/laravel/framework/src/Illuminate/Routing/Router.php(693): Illuminate\Pipeline\Pipeline->then(Object(Closure))
#19 /home/pi/code/mushroom/vendor/laravel/framework/src/Illuminate/Routing/Router.php(660): Illuminate\Routing\Router->runRouteWithinStack(Object(Illuminate\Routing\Route), Object(Illuminate\Http\Request))
#20 /home/pi/code/mushroom/vendor/laravel/framework/src/Illuminate/Routing/Router.php(618): Illuminate\Routing\Router->dispatchToRoute(Object(Illuminate\Http\Request))
#21 /home/pi/code/mushroom/vendor/laravel/framework/src/Illuminate/Foundation/Http/Kernel.php(210): Illuminate\Routing\Router->dispatch(Object(Illuminate\Http\Request))
#22 [internal function]: Illuminate\Foundation\Http\Kernel->Illuminate\Foundation\Http\{closure}(Object(Illuminate\Http\Request))
#23 /home/pi/code/mushroom/vendor/laravel/framework/src/Illuminate/Pipeline/Pipeline.php(141): call_user_func(Object(Closure), Object(Illuminate\Http\Request))
#24 /home/pi/code/mushroom/vendor/laravel/framework/src/Illuminate/View/Middleware/ShareErrorsFromSession.php(55): Illuminate\Pipeline\Pipeline->Illuminate\Pipeline\{closure}(Object(Illuminate\Http\Request))
#25 /home/pi/code/mushroom/vendor/laravel/framework/src/Illuminate/Pipeline/Pipeline.php(125): Illuminate\View\Middleware\ShareErrorsFromSession->handle(Object(Illuminate\Http\Request), Object(Closure))
#26 /home/pi/code/mushroom/vendor/laravel/framework/src/Illuminate/Session/Middleware/StartSession.php(61): Illuminate\Pipeline\Pipeline->Illuminate\Pipeline\{closure}(Object(Illuminate\Http\Request))
#27 /home/pi/code/mushroom/vendor/laravel/framework/src/Illuminate/Pipeline/Pipeline.php(125): Illuminate\Session\Middleware\StartSession->handle(Object(Illuminate\Http\Request), Object(Closure))
#28 /home/pi/code/mushroom/vendor/laravel/framework/src/Illuminate/Cookie/Middleware/AddQueuedCookiesToResponse.php(36): Illuminate\Pipeline\Pipeline->Illuminate\Pipeline\{closure}(Object(Illuminate\Http\Request))
#29 /home/pi/code/mushroom/vendor/laravel/framework/src/Illuminate/Pipeline/Pipeline.php(125): Illuminate\Cookie\Middleware\AddQueuedCookiesToResponse->handle(Object(Illuminate\Http\Request), Object(Closure))
#30 /home/pi/code/mushroom/vendor/laravel/framework/src/Illuminate/Cookie/Middleware/EncryptCookies.php(40): Illuminate\Pipeline\Pipeline->Illuminate\Pipeline\{closure}(Object(Illuminate\Http\Request))
#31 /home/pi/code/mushroom/vendor/laravel/framework/src/Illuminate/Pipeline/Pipeline.php(125): Illuminate\Cookie\Middleware\EncryptCookies->handle(Object(Illuminate\Http\Request), Object(Closure))
#32 /home/pi/code/mushroom/vendor/laravel/framework/src/Illuminate/Foundation/Http/Middleware/CheckForMaintenanceMode.php(42): Illuminate\Pipeline\Pipeline->Illuminate\Pipeline\{closure}(Object(Illuminate\Http\Request))
#33 /home/pi/code/mushroom/vendor/laravel/framework/src/Illuminate/Pipeline/Pipeline.php(125): Illuminate\Foundation\Http\Middleware\CheckForMaintenanceMode->handle(Object(Illuminate\Http\Request), Object(Closure))
#34 [internal function]: Illuminate\Pipeline\Pipeline->Illuminate\Pipeline\{closure}(Object(Illuminate\Http\Request))
#35 /home/pi/code/mushroom/vendor/laravel/framework/src/Illuminate/Pipeline/Pipeline.php(101): call_user_func(Object(Closure), Object(Illuminate\Http\Request))
#36 /home/pi/code/mushroom/vendor/laravel/framework/src/Illuminate/Foundation/Http/Kernel.php(111): Illuminate\Pipeline\Pipeline->then(Object(Closure))
#37 /home/pi/code/mushroom/vendor/laravel/framework/src/Illuminate/Foundation/Http/Kernel.php(84): Illuminate\Foundation\Http\Kernel->sendRequestThroughRouter(Object(Illuminate\Http\Request))
#38 /home/pi/code/mushroom/public/index.php(54): Illuminate\Foundation\Http\Kernel->handle(Object(Illuminate\Http\Request))
#39 {main}  
